[2024-02-04 17:16:09] production.ERROR: No application encryption key has been specified. {"exception":"[object] (Illuminate\\Encryption\\MissingAppKeyException(code: 0): No application encryption key has been specified. at /Users/antoine/Documents/Coding/SustainablePrograming/Examination1/GroupWork/PHP/vendor/laravel/framework/src/Illuminate/Encryption/EncryptionServiceProvider.php:79)
[stacktrace]
#0 /Users/antoine/Documents/Coding/SustainablePrograming/Examination1/GroupWork/PHP/vendor/laravel/framework/src/Illuminate/Support/helpers.php(307): Illuminate\\Encryption\\EncryptionServiceProvider->Illuminate\\Encryption\\{closure}(NULL)
#1 /Users/antoine/Documents/Coding/SustainablePrograming/Examination1/GroupWork/PHP/vendor/laravel/framework/src/Illuminate/Encryption/EncryptionServiceProvider.php(77): tap(NULL, Object(Closure))
#2 /Users/antoine/Documents/Coding/SustainablePrograming/Examination1/GroupWork/PHP/vendor/laravel/framework/src/Illuminate/Encryption/EncryptionServiceProvider.php(60): Illuminate\\Encryption\\EncryptionServiceProvider->key(Array)
#3 /Users/antoine/Documents/Coding/SustainablePrograming/Examination1/GroupWork/PHP/vendor/laravel/framework/src/Illuminate/Encryption/EncryptionServiceProvider.php(32): Illuminate\\Encryption\\EncryptionServiceProvider->parseKey(Array)
#4 /Users/antoine/Documents/Coding/SustainablePrograming/Examination1/GroupWork/PHP/vendor/laravel/framework/src/Illuminate/Container/Container.php(908): Illuminate\\Encryption\\EncryptionServiceProvider->Illuminate\\Encryption\\{closure}(Object(Illuminate\\Foundation\\Application), Array)
#5 /Users/antoine/Documents/Coding/SustainablePrograming/Examination1/GroupWork/PHP/vendor/laravel/framework/src/Illuminate/Container/Container.php(795): Illuminate\\Container\\Container->build(Object(Closure))
#6 /Users/antoine/Documents/Coding/SustainablePrograming/Examination1/GroupWork/PHP/vendor/laravel/framework/src/Illuminate/Foundation/Application.php(957): Illuminate\\Container\\Container->resolve('encrypter', Array, true)
#7 /Users/antoine/Documents/Coding/SustainablePrograming/Examination1/GroupWork/PHP/vendor/laravel/framework/src/Illuminate/Container/Container.php(731): Illuminate\\Foundation\\Application->resolve('encrypter', Array)
#8 /Users/antoine/Documents/Coding/SustainablePrograming/Examination1/GroupWork/PHP/vendor/laravel/framework/src/Illuminate/Foundation/Application.php(942): Illuminate\\Container\\Container->make('encrypter', Array)
#9 /Users/antoine/Documents/Coding/SustainablePrograming/Examination1/GroupWork/PHP/vendor/laravel/framework/src/Illuminate/Container/Container.php(1066): Illuminate\\Foundation\\Application->make('encrypter')
#10 /Users/antoine/Documents/Coding/SustainablePrograming/Examination1/GroupWork/PHP/vendor/laravel/framework/src/Illuminate/Container/Container.php(982): Illuminate\\Container\\Container->resolveClass(Object(ReflectionParameter))
#11 /Users/antoine/Documents/Coding/SustainablePrograming/Examination1/GroupWork/PHP/vendor/laravel/framework/src/Illuminate/Container/Container.php(943): Illuminate\\Container\\Container->resolveDependencies(Array)
#12 /Users/antoine/Documents/Coding/SustainablePrograming/Examination1/GroupWork/PHP/vendor/laravel/framework/src/Illuminate/Container/Container.php(795): Illuminate\\Container\\Container->build('App\\\\Http\\\\Middle...')
#13 /Users/antoine/Documents/Coding/SustainablePrograming/Examination1/GroupWork/PHP/vendor/laravel/framework/src/Illuminate/Foundation/Application.php(957): Illuminate\\Container\\Container->resolve('App\\\\Http\\\\Middle...', Array, true)
#14 /Users/antoine/Documents/Coding/SustainablePrograming/Examination1/GroupWork/PHP/vendor/laravel/framework/src/Illuminate/Container/Container.php(731): Illuminate\\Foundation\\Application->resolve('App\\\\Http\\\\Middle...', Array)
#15 /Users/antoine/Documents/Coding/SustainablePrograming/Examination1/GroupWork/PHP/vendor/laravel/framework/src/Illuminate/Foundation/Application.php(942): Illuminate\\Container\\Container->make('App\\\\Http\\\\Middle...', Array)
#16 /Users/antoine/Documents/Coding/SustainablePrograming/Examination1/GroupWork/PHP/vendor/laravel/framework/src/Illuminate/Pipeline/Pipeline.php(172): Illuminate\\Foundation\\Application->make('App\\\\Http\\\\Middle...')
#17 /Users/antoine/Documents/Coding/SustainablePrograming/Examination1/GroupWork/PHP/vendor/laravel/framework/src/Illuminate/Pipeline/Pipeline.php(119): Illuminate\\Pipeline\\Pipeline->Illuminate\\Pipeline\\{closure}(Object(Illuminate\\Http\\Request))
#18 /Users/antoine/Documents/Coding/SustainablePrograming/Examination1/GroupWork/PHP/vendor/laravel/framework/src/Illuminate/Routing/Router.php(805): Illuminate\\Pipeline\\Pipeline->then(Object(Closure))
#19 /Users/antoine/Documents/Coding/SustainablePrograming/Examination1/GroupWork/PHP/vendor/laravel/framework/src/Illuminate/Routing/Router.php(784): Illuminate\\Routing\\Router->runRouteWithinStack(Object(Illuminate\\Routing\\Route), Object(Illuminate\\Http\\Request))
#20 /Users/antoine/Documents/Coding/SustainablePrograming/Examination1/GroupWork/PHP/vendor/laravel/framework/src/Illuminate/Routing/Router.php(748): Illuminate\\Routing\\Router->runRoute(Object(Illuminate\\Http\\Request), Object(Illuminate\\Routing\\Route))
#21 /Users/antoine/Documents/Coding/SustainablePrograming/Examination1/GroupWork/PHP/vendor/laravel/framework/src/Illuminate/Routing/Router.php(737): Illuminate\\Routing\\Router->dispatchToRoute(Object(Illuminate\\Http\\Request))
#22 /Users/antoine/Documents/Coding/SustainablePrograming/Examination1/GroupWork/PHP/vendor/laravel/framework/src/Illuminate/Foundation/Http/Kernel.php(200): Illuminate\\Routing\\Router->dispatch(Object(Illuminate\\Http\\Request))
#23 /Users/antoine/Documents/Coding/SustainablePrograming/Examination1/GroupWork/PHP/vendor/laravel/framework/src/Illuminate/Pipeline/Pipeline.php(144): Illuminate\\Foundation\\Http\\Kernel->Illuminate\\Foundation\\Http\\{closure}(Object(Illuminate\\Http\\Request))
#24 /Users/antoine/Documents/Coding/SustainablePrograming/Examination1/GroupWork/PHP/vendor/laravel/vapor-core/src/Http/Middleware/ServeStaticAssets.php(21): Illuminate\\Pipeline\\Pipeline->Illuminate\\Pipeline\\{closure}(Object(Illuminate\\Http\\Request))
#25 /Users/antoine/Documents/Coding/SustainablePrograming/Examination1/GroupWork/PHP/vendor/laravel/framework/src/Illuminate/Pipeline/Pipeline.php(183): Laravel\\Vapor\\Http\\Middleware\\ServeStaticAssets->handle(Object(Illuminate\\Http\\Request), Object(Closure))
#26 /Users/antoine/Documents/Coding/SustainablePrograming/Examination1/GroupWork/PHP/vendor/laravel/framework/src/Illuminate/Foundation/Http/Middleware/TransformsRequest.php(21): Illuminate\\Pipeline\\Pipeline->Illuminate\\Pipeline\\{closure}(Object(Illuminate\\Http\\Request))
#27 /Users/antoine/Documents/Coding/SustainablePrograming/Examination1/GroupWork/PHP/vendor/laravel/framework/src/Illuminate/Foundation/Http/Middleware/ConvertEmptyStringsToNull.php(31): Illuminate\\Foundation\\Http\\Middleware\\TransformsRequest->handle(Object(Illuminate\\Http\\Request), Object(Closure))
#28 /Users/antoine/Documents/Coding/SustainablePrograming/Examination1/GroupWork/PHP/vendor/laravel/framework/src/Illuminate/Pipeline/Pipeline.php(183): Illuminate\\Foundation\\Http\\Middleware\\ConvertEmptyStringsToNull->handle(Object(Illuminate\\Http\\Request), Object(Closure))
#29 /Users/antoine/Documents/Coding/SustainablePrograming/Examination1/GroupWork/PHP/vendor/laravel/framework/src/Illuminate/Foundation/Http/Middleware/TransformsRequest.php(21): Illuminate\\Pipeline\\Pipeline->Illuminate\\Pipeline\\{closure}(Object(Illuminate\\Http\\Request))
#30 /Users/antoine/Documents/Coding/SustainablePrograming/Examination1/GroupWork/PHP/vendor/laravel/framework/src/Illuminate/Foundation/Http/Middleware/TrimStrings.php(40): Illuminate\\Foundation\\Http\\Middleware\\TransformsRequest->handle(Object(Illuminate\\Http\\Request), Object(Closure))
#31 /Users/antoine/Documents/Coding/SustainablePrograming/Examination1/GroupWork/PHP/vendor/laravel/framework/src/Illuminate/Pipeline/Pipeline.php(183): Illuminate\\Foundation\\Http\\Middleware\\TrimStrings->handle(Object(Illuminate\\Http\\Request), Object(Closure))
#32 /Users/antoine/Documents/Coding/SustainablePrograming/Examination1/GroupWork/PHP/vendor/laravel/framework/src/Illuminate/Foundation/Http/Middleware/ValidatePostSize.php(27): Illuminate\\Pipeline\\Pipeline->Illuminate\\Pipeline\\{closure}(Object(Illuminate\\Http\\Request))
#33 /Users/antoine/Documents/Coding/SustainablePrograming/Examination1/GroupWork/PHP/vendor/laravel/framework/src/Illuminate/Pipeline/Pipeline.php(183): Illuminate\\Foundation\\Http\\Middleware\\ValidatePostSize->handle(Object(Illuminate\\Http\\Request), Object(Closure))
#34 /Users/antoine/Documents/Coding/SustainablePrograming/Examination1/GroupWork/PHP/vendor/laravel/framework/src/Illuminate/Foundation/Http/Middleware/PreventRequestsDuringMaintenance.php(99): Illuminate\\Pipeline\\Pipeline->Illuminate\\Pipeline\\{closure}(Object(Illuminate\\Http\\Request))
#35 /Users/antoine/Documents/Coding/SustainablePrograming/Examination1/GroupWork/PHP/vendor/laravel/framework/src/Illuminate/Pipeline/Pipeline.php(183): Illuminate\\Foundation\\Http\\Middleware\\PreventRequestsDuringMaintenance->handle(Object(Illuminate\\Http\\Request), Object(Closure))
#36 /Users/antoine/Documents/Coding/SustainablePrograming/Examination1/GroupWork/PHP/vendor/laravel/framework/src/Illuminate/Http/Middleware/HandleCors.php(49): Illuminate\\Pipeline\\Pipeline->Illuminate\\Pipeline\\{closure}(Object(Illuminate\\Http\\Request))
#37 /Users/antoine/Documents/Coding/SustainablePrograming/Examination1/GroupWork/PHP/vendor/laravel/framework/src/Illuminate/Pipeline/Pipeline.php(183): Illuminate\\Http\\Middleware\\HandleCors->handle(Object(Illuminate\\Http\\Request), Object(Closure))
#38 /Users/antoine/Documents/Coding/SustainablePrograming/Examination1/GroupWork/PHP/vendor/laravel/framework/src/Illuminate/Http/Middleware/TrustProxies.php(39): Illuminate\\Pipeline\\Pipeline->Illuminate\\Pipeline\\{closure}(Object(Illuminate\\Http\\Request))
#39 /Users/antoine/Documents/Coding/SustainablePrograming/Examination1/GroupWork/PHP/vendor/laravel/framework/src/Illuminate/Pipeline/Pipeline.php(183): Illuminate\\Http\\Middleware\\TrustProxies->handle(Object(Illuminate\\Http\\Request), Object(Closure))
#40 /Users/antoine/Documents/Coding/SustainablePrograming/Examination1/GroupWork/PHP/vendor/laravel/framework/src/Illuminate/Pipeline/Pipeline.php(119): Illuminate\\Pipeline\\Pipeline->Illuminate\\Pipeline\\{closure}(Object(Illuminate\\Http\\Request))
#41 /Users/antoine/Documents/Coding/SustainablePrograming/Examination1/GroupWork/PHP/vendor/laravel/framework/src/Illuminate/Foundation/Http/Kernel.php(175): Illuminate\\Pipeline\\Pipeline->then(Object(Closure))
#42 /Users/antoine/Documents/Coding/SustainablePrograming/Examination1/GroupWork/PHP/vendor/laravel/framework/src/Illuminate/Foundation/Http/Kernel.php(144): Illuminate\\Foundation\\Http\\Kernel->sendRequestThroughRouter(Object(Illuminate\\Http\\Request))
#43 /Users/antoine/Documents/Coding/SustainablePrograming/Examination1/GroupWork/PHP/public/index.php(51): Illuminate\\Foundation\\Http\\Kernel->handle(Object(Illuminate\\Http\\Request))
#44 /Users/antoine/Documents/Coding/SustainablePrograming/Examination1/GroupWork/PHP/vendor/laravel/framework/src/Illuminate/Foundation/resources/server.php(16): require_once('/Users/antoine/...')
#45 {main}
"} 
[2024-02-04 17:16:09] production.ERROR: No application encryption key has been specified. {"exception":"[object] (Illuminate\\Encryption\\MissingAppKeyException(code: 0): No application encryption key has been specified. at /Users/antoine/Documents/Coding/SustainablePrograming/Examination1/GroupWork/PHP/vendor/laravel/framework/src/Illuminate/Encryption/EncryptionServiceProvider.php:79)
[stacktrace]
#0 /Users/antoine/Documents/Coding/SustainablePrograming/Examination1/GroupWork/PHP/vendor/laravel/framework/src/Illuminate/Support/helpers.php(307): Illuminate\\Encryption\\EncryptionServiceProvider->Illuminate\\Encryption\\{closure}(NULL)
#1 /Users/antoine/Documents/Coding/SustainablePrograming/Examination1/GroupWork/PHP/vendor/laravel/framework/src/Illuminate/Encryption/EncryptionServiceProvider.php(77): tap(NULL, Object(Closure))
#2 /Users/antoine/Documents/Coding/SustainablePrograming/Examination1/GroupWork/PHP/vendor/laravel/framework/src/Illuminate/Encryption/EncryptionServiceProvider.php(60): Illuminate\\Encryption\\EncryptionServiceProvider->key(Array)
#3 /Users/antoine/Documents/Coding/SustainablePrograming/Examination1/GroupWork/PHP/vendor/laravel/framework/src/Illuminate/Encryption/EncryptionServiceProvider.php(32): Illuminate\\Encryption\\EncryptionServiceProvider->parseKey(Array)
#4 /Users/antoine/Documents/Coding/SustainablePrograming/Examination1/GroupWork/PHP/vendor/laravel/framework/src/Illuminate/Container/Container.php(908): Illuminate\\Encryption\\EncryptionServiceProvider->Illuminate\\Encryption\\{closure}(Object(Illuminate\\Foundation\\Application), Array)
#5 /Users/antoine/Documents/Coding/SustainablePrograming/Examination1/GroupWork/PHP/vendor/laravel/framework/src/Illuminate/Container/Container.php(795): Illuminate\\Container\\Container->build(Object(Closure))
#6 /Users/antoine/Documents/Coding/SustainablePrograming/Examination1/GroupWork/PHP/vendor/laravel/framework/src/Illuminate/Foundation/Application.php(957): Illuminate\\Container\\Container->resolve('encrypter', Array, true)
#7 /Users/antoine/Documents/Coding/SustainablePrograming/Examination1/GroupWork/PHP/vendor/laravel/framework/src/Illuminate/Container/Container.php(731): Illuminate\\Foundation\\Application->resolve('encrypter', Array)
#8 /Users/antoine/Documents/Coding/SustainablePrograming/Examination1/GroupWork/PHP/vendor/laravel/framework/src/Illuminate/Foundation/Application.php(942): Illuminate\\Container\\Container->make('encrypter', Array)
#9 /Users/antoine/Documents/Coding/SustainablePrograming/Examination1/GroupWork/PHP/vendor/laravel/framework/src/Illuminate/Container/Container.php(1066): Illuminate\\Foundation\\Application->make('encrypter')
#10 /Users/antoine/Documents/Coding/SustainablePrograming/Examination1/GroupWork/PHP/vendor/laravel/framework/src/Illuminate/Container/Container.php(982): Illuminate\\Container\\Container->resolveClass(Object(ReflectionParameter))
#11 /Users/antoine/Documents/Coding/SustainablePrograming/Examination1/GroupWork/PHP/vendor/laravel/framework/src/Illuminate/Container/Container.php(943): Illuminate\\Container\\Container->resolveDependencies(Array)
#12 /Users/antoine/Documents/Coding/SustainablePrograming/Examination1/GroupWork/PHP/vendor/laravel/framework/src/Illuminate/Container/Container.php(795): Illuminate\\Container\\Container->build('App\\\\Http\\\\Middle...')
#13 /Users/antoine/Documents/Coding/SustainablePrograming/Examination1/GroupWork/PHP/vendor/laravel/framework/src/Illuminate/Foundation/Application.php(957): Illuminate\\Container\\Container->resolve('App\\\\Http\\\\Middle...', Array, true)
#14 /Users/antoine/Documents/Coding/SustainablePrograming/Examination1/GroupWork/PHP/vendor/laravel/framework/src/Illuminate/Container/Container.php(731): Illuminate\\Foundation\\Application->resolve('App\\\\Http\\\\Middle...', Array)
#15 /Users/antoine/Documents/Coding/SustainablePrograming/Examination1/GroupWork/PHP/vendor/laravel/framework/src/Illuminate/Foundation/Application.php(942): Illuminate\\Container\\Container->make('App\\\\Http\\\\Middle...', Array)
#16 /Users/antoine/Documents/Coding/SustainablePrograming/Examination1/GroupWork/PHP/vendor/laravel/framework/src/Illuminate/Foundation/Http/Kernel.php(255): Illuminate\\Foundation\\Application->make('App\\\\Http\\\\Middle...')
#17 /Users/antoine/Documents/Coding/SustainablePrograming/Examination1/GroupWork/PHP/vendor/laravel/framework/src/Illuminate/Foundation/Http/Kernel.php(213): Illuminate\\Foundation\\Http\\Kernel->terminateMiddleware(Object(Illuminate\\Http\\Request), Object(Illuminate\\Http\\Response))
#18 /Users/antoine/Documents/Coding/SustainablePrograming/Examination1/GroupWork/PHP/public/index.php(55): Illuminate\\Foundation\\Http\\Kernel->terminate(Object(Illuminate\\Http\\Request), Object(Illuminate\\Http\\Response))
#19 /Users/antoine/Documents/Coding/SustainablePrograming/Examination1/GroupWork/PHP/vendor/laravel/framework/src/Illuminate/Foundation/resources/server.php(16): require_once('/Users/antoine/...')
#20 {main}
"} 
[2024-02-04 17:16:16] production.ERROR: No application encryption key has been specified. {"exception":"[object] (Illuminate\\Encryption\\MissingAppKeyException(code: 0): No application encryption key has been specified. at /Users/antoine/Documents/Coding/SustainablePrograming/Examination1/GroupWork/PHP/vendor/laravel/framework/src/Illuminate/Encryption/EncryptionServiceProvider.php:79)
[stacktrace]
#0 /Users/antoine/Documents/Coding/SustainablePrograming/Examination1/GroupWork/PHP/vendor/laravel/framework/src/Illuminate/Support/helpers.php(307): Illuminate\\Encryption\\EncryptionServiceProvider->Illuminate\\Encryption\\{closure}(NULL)
#1 /Users/antoine/Documents/Coding/SustainablePrograming/Examination1/GroupWork/PHP/vendor/laravel/framework/src/Illuminate/Encryption/EncryptionServiceProvider.php(77): tap(NULL, Object(Closure))
#2 /Users/antoine/Documents/Coding/SustainablePrograming/Examination1/GroupWork/PHP/vendor/laravel/framework/src/Illuminate/Encryption/EncryptionServiceProvider.php(60): Illuminate\\Encryption\\EncryptionServiceProvider->key(Array)
#3 /Users/antoine/Documents/Coding/SustainablePrograming/Examination1/GroupWork/PHP/vendor/laravel/framework/src/Illuminate/Encryption/EncryptionServiceProvider.php(32): Illuminate\\Encryption\\EncryptionServiceProvider->parseKey(Array)
#4 /Users/antoine/Documents/Coding/SustainablePrograming/Examination1/GroupWork/PHP/vendor/laravel/framework/src/Illuminate/Container/Container.php(908): Illuminate\\Encryption\\EncryptionServiceProvider->Illuminate\\Encryption\\{closure}(Object(Illuminate\\Foundation\\Application), Array)
#5 /Users/antoine/Documents/Coding/SustainablePrograming/Examination1/GroupWork/PHP/vendor/laravel/framework/src/Illuminate/Container/Container.php(795): Illuminate\\Container\\Container->build(Object(Closure))
#6 /Users/antoine/Documents/Coding/SustainablePrograming/Examination1/GroupWork/PHP/vendor/laravel/framework/src/Illuminate/Foundation/Application.php(957): Illuminate\\Container\\Container->resolve('encrypter', Array, true)
#7 /Users/antoine/Documents/Coding/SustainablePrograming/Examination1/GroupWork/PHP/vendor/laravel/framework/src/Illuminate/Container/Container.php(731): Illuminate\\Foundation\\Application->resolve('encrypter', Array)
#8 /Users/antoine/Documents/Coding/SustainablePrograming/Examination1/GroupWork/PHP/vendor/laravel/framework/src/Illuminate/Foundation/Application.php(942): Illuminate\\Container\\Container->make('encrypter', Array)
#9 /Users/antoine/Documents/Coding/SustainablePrograming/Examination1/GroupWork/PHP/vendor/laravel/framework/src/Illuminate/Container/Container.php(1066): Illuminate\\Foundation\\Application->make('encrypter')
#10 /Users/antoine/Documents/Coding/SustainablePrograming/Examination1/GroupWork/PHP/vendor/laravel/framework/src/Illuminate/Container/Container.php(982): Illuminate\\Container\\Container->resolveClass(Object(ReflectionParameter))
#11 /Users/antoine/Documents/Coding/SustainablePrograming/Examination1/GroupWork/PHP/vendor/laravel/framework/src/Illuminate/Container/Container.php(943): Illuminate\\Container\\Container->resolveDependencies(Array)
#12 /Users/antoine/Documents/Coding/SustainablePrograming/Examination1/GroupWork/PHP/vendor/laravel/framework/src/Illuminate/Container/Container.php(795): Illuminate\\Container\\Container->build('App\\\\Http\\\\Middle...')
#13 /Users/antoine/Documents/Coding/SustainablePrograming/Examination1/GroupWork/PHP/vendor/laravel/framework/src/Illuminate/Foundation/Application.php(957): Illuminate\\Container\\Container->resolve('App\\\\Http\\\\Middle...', Array, true)
#14 /Users/antoine/Documents/Coding/SustainablePrograming/Examination1/GroupWork/PHP/vendor/laravel/framework/src/Illuminate/Container/Container.php(731): Illuminate\\Foundation\\Application->resolve('App\\\\Http\\\\Middle...', Array)
#15 /Users/antoine/Documents/Coding/SustainablePrograming/Examination1/GroupWork/PHP/vendor/laravel/framework/src/Illuminate/Foundation/Application.php(942): Illuminate\\Container\\Container->make('App\\\\Http\\\\Middle...', Array)
#16 /Users/antoine/Documents/Coding/SustainablePrograming/Examination1/GroupWork/PHP/vendor/laravel/framework/src/Illuminate/Pipeline/Pipeline.php(172): Illuminate\\Foundation\\Application->make('App\\\\Http\\\\Middle...')
#17 /Users/antoine/Documents/Coding/SustainablePrograming/Examination1/GroupWork/PHP/vendor/laravel/framework/src/Illuminate/Pipeline/Pipeline.php(119): Illuminate\\Pipeline\\Pipeline->Illuminate\\Pipeline\\{closure}(Object(Illuminate\\Http\\Request))
#18 /Users/antoine/Documents/Coding/SustainablePrograming/Examination1/GroupWork/PHP/vendor/laravel/framework/src/Illuminate/Routing/Router.php(805): Illuminate\\Pipeline\\Pipeline->then(Object(Closure))
#19 /Users/antoine/Documents/Coding/SustainablePrograming/Examination1/GroupWork/PHP/vendor/laravel/framework/src/Illuminate/Routing/Router.php(784): Illuminate\\Routing\\Router->runRouteWithinStack(Object(Illuminate\\Routing\\Route), Object(Illuminate\\Http\\Request))
#20 /Users/antoine/Documents/Coding/SustainablePrograming/Examination1/GroupWork/PHP/vendor/laravel/framework/src/Illuminate/Routing/Router.php(748): Illuminate\\Routing\\Router->runRoute(Object(Illuminate\\Http\\Request), Object(Illuminate\\Routing\\Route))
#21 /Users/antoine/Documents/Coding/SustainablePrograming/Examination1/GroupWork/PHP/vendor/laravel/framework/src/Illuminate/Routing/Router.php(737): Illuminate\\Routing\\Router->dispatchToRoute(Object(Illuminate\\Http\\Request))
#22 /Users/antoine/Documents/Coding/SustainablePrograming/Examination1/GroupWork/PHP/vendor/laravel/framework/src/Illuminate/Foundation/Http/Kernel.php(200): Illuminate\\Routing\\Router->dispatch(Object(Illuminate\\Http\\Request))
#23 /Users/antoine/Documents/Coding/SustainablePrograming/Examination1/GroupWork/PHP/vendor/laravel/framework/src/Illuminate/Pipeline/Pipeline.php(144): Illuminate\\Foundation\\Http\\Kernel->Illuminate\\Foundation\\Http\\{closure}(Object(Illuminate\\Http\\Request))
#24 /Users/antoine/Documents/Coding/SustainablePrograming/Examination1/GroupWork/PHP/vendor/laravel/vapor-core/src/Http/Middleware/ServeStaticAssets.php(21): Illuminate\\Pipeline\\Pipeline->Illuminate\\Pipeline\\{closure}(Object(Illuminate\\Http\\Request))
#25 /Users/antoine/Documents/Coding/SustainablePrograming/Examination1/GroupWork/PHP/vendor/laravel/framework/src/Illuminate/Pipeline/Pipeline.php(183): Laravel\\Vapor\\Http\\Middleware\\ServeStaticAssets->handle(Object(Illuminate\\Http\\Request), Object(Closure))
#26 /Users/antoine/Documents/Coding/SustainablePrograming/Examination1/GroupWork/PHP/vendor/laravel/framework/src/Illuminate/Foundation/Http/Middleware/TransformsRequest.php(21): Illuminate\\Pipeline\\Pipeline->Illuminate\\Pipeline\\{closure}(Object(Illuminate\\Http\\Request))
#27 /Users/antoine/Documents/Coding/SustainablePrograming/Examination1/GroupWork/PHP/vendor/laravel/framework/src/Illuminate/Foundation/Http/Middleware/ConvertEmptyStringsToNull.php(31): Illuminate\\Foundation\\Http\\Middleware\\TransformsRequest->handle(Object(Illuminate\\Http\\Request), Object(Closure))
#28 /Users/antoine/Documents/Coding/SustainablePrograming/Examination1/GroupWork/PHP/vendor/laravel/framework/src/Illuminate/Pipeline/Pipeline.php(183): Illuminate\\Foundation\\Http\\Middleware\\ConvertEmptyStringsToNull->handle(Object(Illuminate\\Http\\Request), Object(Closure))
#29 /Users/antoine/Documents/Coding/SustainablePrograming/Examination1/GroupWork/PHP/vendor/laravel/framework/src/Illuminate/Foundation/Http/Middleware/TransformsRequest.php(21): Illuminate\\Pipeline\\Pipeline->Illuminate\\Pipeline\\{closure}(Object(Illuminate\\Http\\Request))
#30 /Users/antoine/Documents/Coding/SustainablePrograming/Examination1/GroupWork/PHP/vendor/laravel/framework/src/Illuminate/Foundation/Http/Middleware/TrimStrings.php(40): Illuminate\\Foundation\\Http\\Middleware\\TransformsRequest->handle(Object(Illuminate\\Http\\Request), Object(Closure))
#31 /Users/antoine/Documents/Coding/SustainablePrograming/Examination1/GroupWork/PHP/vendor/laravel/framework/src/Illuminate/Pipeline/Pipeline.php(183): Illuminate\\Foundation\\Http\\Middleware\\TrimStrings->handle(Object(Illuminate\\Http\\Request), Object(Closure))
#32 /Users/antoine/Documents/Coding/SustainablePrograming/Examination1/GroupWork/PHP/vendor/laravel/framework/src/Illuminate/Foundation/Http/Middleware/ValidatePostSize.php(27): Illuminate\\Pipeline\\Pipeline->Illuminate\\Pipeline\\{closure}(Object(Illuminate\\Http\\Request))
#33 /Users/antoine/Documents/Coding/SustainablePrograming/Examination1/GroupWork/PHP/vendor/laravel/framework/src/Illuminate/Pipeline/Pipeline.php(183): Illuminate\\Foundation\\Http\\Middleware\\ValidatePostSize->handle(Object(Illuminate\\Http\\Request), Object(Closure))
#34 /Users/antoine/Documents/Coding/SustainablePrograming/Examination1/GroupWork/PHP/vendor/laravel/framework/src/Illuminate/Foundation/Http/Middleware/PreventRequestsDuringMaintenance.php(99): Illuminate\\Pipeline\\Pipeline->Illuminate\\Pipeline\\{closure}(Object(Illuminate\\Http\\Request))
#35 /Users/antoine/Documents/Coding/SustainablePrograming/Examination1/GroupWork/PHP/vendor/laravel/framework/src/Illuminate/Pipeline/Pipeline.php(183): Illuminate\\Foundation\\Http\\Middleware\\PreventRequestsDuringMaintenance->handle(Object(Illuminate\\Http\\Request), Object(Closure))
#36 /Users/antoine/Documents/Coding/SustainablePrograming/Examination1/GroupWork/PHP/vendor/laravel/framework/src/Illuminate/Http/Middleware/HandleCors.php(49): Illuminate\\Pipeline\\Pipeline->Illuminate\\Pipeline\\{closure}(Object(Illuminate\\Http\\Request))
#37 /Users/antoine/Documents/Coding/SustainablePrograming/Examination1/GroupWork/PHP/vendor/laravel/framework/src/Illuminate/Pipeline/Pipeline.php(183): Illuminate\\Http\\Middleware\\HandleCors->handle(Object(Illuminate\\Http\\Request), Object(Closure))
#38 /Users/antoine/Documents/Coding/SustainablePrograming/Examination1/GroupWork/PHP/vendor/laravel/framework/src/Illuminate/Http/Middleware/TrustProxies.php(39): Illuminate\\Pipeline\\Pipeline->Illuminate\\Pipeline\\{closure}(Object(Illuminate\\Http\\Request))
#39 /Users/antoine/Documents/Coding/SustainablePrograming/Examination1/GroupWork/PHP/vendor/laravel/framework/src/Illuminate/Pipeline/Pipeline.php(183): Illuminate\\Http\\Middleware\\TrustProxies->handle(Object(Illuminate\\Http\\Request), Object(Closure))
#40 /Users/antoine/Documents/Coding/SustainablePrograming/Examination1/GroupWork/PHP/vendor/laravel/framework/src/Illuminate/Pipeline/Pipeline.php(119): Illuminate\\Pipeline\\Pipeline->Illuminate\\Pipeline\\{closure}(Object(Illuminate\\Http\\Request))
#41 /Users/antoine/Documents/Coding/SustainablePrograming/Examination1/GroupWork/PHP/vendor/laravel/framework/src/Illuminate/Foundation/Http/Kernel.php(175): Illuminate\\Pipeline\\Pipeline->then(Object(Closure))
#42 /Users/antoine/Documents/Coding/SustainablePrograming/Examination1/GroupWork/PHP/vendor/laravel/framework/src/Illuminate/Foundation/Http/Kernel.php(144): Illuminate\\Foundation\\Http\\Kernel->sendRequestThroughRouter(Object(Illuminate\\Http\\Request))
#43 /Users/antoine/Documents/Coding/SustainablePrograming/Examination1/GroupWork/PHP/public/index.php(51): Illuminate\\Foundation\\Http\\Kernel->handle(Object(Illuminate\\Http\\Request))
#44 /Users/antoine/Documents/Coding/SustainablePrograming/Examination1/GroupWork/PHP/vendor/laravel/framework/src/Illuminate/Foundation/resources/server.php(16): require_once('/Users/antoine/...')
#45 {main}
"} 
[2024-02-04 17:16:16] production.ERROR: No application encryption key has been specified. {"exception":"[object] (Illuminate\\Encryption\\MissingAppKeyException(code: 0): No application encryption key has been specified. at /Users/antoine/Documents/Coding/SustainablePrograming/Examination1/GroupWork/PHP/vendor/laravel/framework/src/Illuminate/Encryption/EncryptionServiceProvider.php:79)
[stacktrace]
#0 /Users/antoine/Documents/Coding/SustainablePrograming/Examination1/GroupWork/PHP/vendor/laravel/framework/src/Illuminate/Support/helpers.php(307): Illuminate\\Encryption\\EncryptionServiceProvider->Illuminate\\Encryption\\{closure}(NULL)
#1 /Users/antoine/Documents/Coding/SustainablePrograming/Examination1/GroupWork/PHP/vendor/laravel/framework/src/Illuminate/Encryption/EncryptionServiceProvider.php(77): tap(NULL, Object(Closure))
#2 /Users/antoine/Documents/Coding/SustainablePrograming/Examination1/GroupWork/PHP/vendor/laravel/framework/src/Illuminate/Encryption/EncryptionServiceProvider.php(60): Illuminate\\Encryption\\EncryptionServiceProvider->key(Array)
#3 /Users/antoine/Documents/Coding/SustainablePrograming/Examination1/GroupWork/PHP/vendor/laravel/framework/src/Illuminate/Encryption/EncryptionServiceProvider.php(32): Illuminate\\Encryption\\EncryptionServiceProvider->parseKey(Array)
#4 /Users/antoine/Documents/Coding/SustainablePrograming/Examination1/GroupWork/PHP/vendor/laravel/framework/src/Illuminate/Container/Container.php(908): Illuminate\\Encryption\\EncryptionServiceProvider->Illuminate\\Encryption\\{closure}(Object(Illuminate\\Foundation\\Application), Array)
#5 /Users/antoine/Documents/Coding/SustainablePrograming/Examination1/GroupWork/PHP/vendor/laravel/framework/src/Illuminate/Container/Container.php(795): Illuminate\\Container\\Container->build(Object(Closure))
#6 /Users/antoine/Documents/Coding/SustainablePrograming/Examination1/GroupWork/PHP/vendor/laravel/framework/src/Illuminate/Foundation/Application.php(957): Illuminate\\Container\\Container->resolve('encrypter', Array, true)
#7 /Users/antoine/Documents/Coding/SustainablePrograming/Examination1/GroupWork/PHP/vendor/laravel/framework/src/Illuminate/Container/Container.php(731): Illuminate\\Foundation\\Application->resolve('encrypter', Array)
#8 /Users/antoine/Documents/Coding/SustainablePrograming/Examination1/GroupWork/PHP/vendor/laravel/framework/src/Illuminate/Foundation/Application.php(942): Illuminate\\Container\\Container->make('encrypter', Array)
#9 /Users/antoine/Documents/Coding/SustainablePrograming/Examination1/GroupWork/PHP/vendor/laravel/framework/src/Illuminate/Container/Container.php(1066): Illuminate\\Foundation\\Application->make('encrypter')
#10 /Users/antoine/Documents/Coding/SustainablePrograming/Examination1/GroupWork/PHP/vendor/laravel/framework/src/Illuminate/Container/Container.php(982): Illuminate\\Container\\Container->resolveClass(Object(ReflectionParameter))
#11 /Users/antoine/Documents/Coding/SustainablePrograming/Examination1/GroupWork/PHP/vendor/laravel/framework/src/Illuminate/Container/Container.php(943): Illuminate\\Container\\Container->resolveDependencies(Array)
#12 /Users/antoine/Documents/Coding/SustainablePrograming/Examination1/GroupWork/PHP/vendor/laravel/framework/src/Illuminate/Container/Container.php(795): Illuminate\\Container\\Container->build('App\\\\Http\\\\Middle...')
#13 /Users/antoine/Documents/Coding/SustainablePrograming/Examination1/GroupWork/PHP/vendor/laravel/framework/src/Illuminate/Foundation/Application.php(957): Illuminate\\Container\\Container->resolve('App\\\\Http\\\\Middle...', Array, true)
#14 /Users/antoine/Documents/Coding/SustainablePrograming/Examination1/GroupWork/PHP/vendor/laravel/framework/src/Illuminate/Container/Container.php(731): Illuminate\\Foundation\\Application->resolve('App\\\\Http\\\\Middle...', Array)
#15 /Users/antoine/Documents/Coding/SustainablePrograming/Examination1/GroupWork/PHP/vendor/laravel/framework/src/Illuminate/Foundation/Application.php(942): Illuminate\\Container\\Container->make('App\\\\Http\\\\Middle...', Array)
#16 /Users/antoine/Documents/Coding/SustainablePrograming/Examination1/GroupWork/PHP/vendor/laravel/framework/src/Illuminate/Foundation/Http/Kernel.php(255): Illuminate\\Foundation\\Application->make('App\\\\Http\\\\Middle...')
#17 /Users/antoine/Documents/Coding/SustainablePrograming/Examination1/GroupWork/PHP/vendor/laravel/framework/src/Illuminate/Foundation/Http/Kernel.php(213): Illuminate\\Foundation\\Http\\Kernel->terminateMiddleware(Object(Illuminate\\Http\\Request), Object(Illuminate\\Http\\Response))
#18 /Users/antoine/Documents/Coding/SustainablePrograming/Examination1/GroupWork/PHP/public/index.php(55): Illuminate\\Foundation\\Http\\Kernel->terminate(Object(Illuminate\\Http\\Request), Object(Illuminate\\Http\\Response))
#19 /Users/antoine/Documents/Coding/SustainablePrograming/Examination1/GroupWork/PHP/vendor/laravel/framework/src/Illuminate/Foundation/resources/server.php(16): require_once('/Users/antoine/...')
#20 {main}
"} 
[2024-02-04 17:26:41] local.ERROR: Target class [ServiceController] does not exist. {"exception":"[object] (Illuminate\\Contracts\\Container\\BindingResolutionException(code: 0): Target class [ServiceController] does not exist. at /Users/antoine/Documents/Coding/SustainablePrograming/Examination1/GroupWork/PHP/vendor/laravel/framework/src/Illuminate/Container/Container.php:914)
[stacktrace]
#0 /Users/antoine/Documents/Coding/SustainablePrograming/Examination1/GroupWork/PHP/vendor/laravel/framework/src/Illuminate/Container/Container.php(795): Illuminate\\Container\\Container->build('ServiceControll...')
#1 /Users/antoine/Documents/Coding/SustainablePrograming/Examination1/GroupWork/PHP/vendor/laravel/framework/src/Illuminate/Foundation/Application.php(957): Illuminate\\Container\\Container->resolve('ServiceControll...', Array, true)
#2 /Users/antoine/Documents/Coding/SustainablePrograming/Examination1/GroupWork/PHP/vendor/laravel/framework/src/Illuminate/Container/Container.php(731): Illuminate\\Foundation\\Application->resolve('ServiceControll...', Array)
#3 /Users/antoine/Documents/Coding/SustainablePrograming/Examination1/GroupWork/PHP/vendor/laravel/framework/src/Illuminate/Foundation/Application.php(942): Illuminate\\Container\\Container->make('ServiceControll...', Array)
#4 /Users/antoine/Documents/Coding/SustainablePrograming/Examination1/GroupWork/PHP/vendor/laravel/framework/src/Illuminate/Routing/Route.php(278): Illuminate\\Foundation\\Application->make('ServiceControll...')
#5 /Users/antoine/Documents/Coding/SustainablePrograming/Examination1/GroupWork/PHP/vendor/laravel/framework/src/Illuminate/Routing/Route.php(260): Illuminate\\Routing\\Route->getController()
#6 /Users/antoine/Documents/Coding/SustainablePrograming/Examination1/GroupWork/PHP/vendor/laravel/framework/src/Illuminate/Routing/Route.php(205): Illuminate\\Routing\\Route->runController()
#7 /Users/antoine/Documents/Coding/SustainablePrograming/Examination1/GroupWork/PHP/vendor/laravel/framework/src/Illuminate/Routing/Router.php(806): Illuminate\\Routing\\Route->run()
#8 /Users/antoine/Documents/Coding/SustainablePrograming/Examination1/GroupWork/PHP/vendor/laravel/framework/src/Illuminate/Pipeline/Pipeline.php(144): Illuminate\\Routing\\Router->Illuminate\\Routing\\{closure}(Object(Illuminate\\Http\\Request))
#9 /Users/antoine/Documents/Coding/SustainablePrograming/Examination1/GroupWork/PHP/vendor/laravel/framework/src/Illuminate/Routing/Middleware/SubstituteBindings.php(50): Illuminate\\Pipeline\\Pipeline->Illuminate\\Pipeline\\{closure}(Object(Illuminate\\Http\\Request))
#10 /Users/antoine/Documents/Coding/SustainablePrograming/Examination1/GroupWork/PHP/vendor/laravel/framework/src/Illuminate/Pipeline/Pipeline.php(183): Illuminate\\Routing\\Middleware\\SubstituteBindings->handle(Object(Illuminate\\Http\\Request), Object(Closure))
#11 /Users/antoine/Documents/Coding/SustainablePrograming/Examination1/GroupWork/PHP/vendor/laravel/framework/src/Illuminate/Foundation/Http/Middleware/VerifyCsrfToken.php(78): Illuminate\\Pipeline\\Pipeline->Illuminate\\Pipeline\\{closure}(Object(Illuminate\\Http\\Request))
#12 /Users/antoine/Documents/Coding/SustainablePrograming/Examination1/GroupWork/PHP/vendor/laravel/framework/src/Illuminate/Pipeline/Pipeline.php(183): Illuminate\\Foundation\\Http\\Middleware\\VerifyCsrfToken->handle(Object(Illuminate\\Http\\Request), Object(Closure))
#13 /Users/antoine/Documents/Coding/SustainablePrograming/Examination1/GroupWork/PHP/vendor/laravel/framework/src/Illuminate/View/Middleware/ShareErrorsFromSession.php(49): Illuminate\\Pipeline\\Pipeline->Illuminate\\Pipeline\\{closure}(Object(Illuminate\\Http\\Request))
#14 /Users/antoine/Documents/Coding/SustainablePrograming/Examination1/GroupWork/PHP/vendor/laravel/framework/src/Illuminate/Pipeline/Pipeline.php(183): Illuminate\\View\\Middleware\\ShareErrorsFromSession->handle(Object(Illuminate\\Http\\Request), Object(Closure))
#15 /Users/antoine/Documents/Coding/SustainablePrograming/Examination1/GroupWork/PHP/vendor/laravel/framework/src/Illuminate/Session/Middleware/StartSession.php(121): Illuminate\\Pipeline\\Pipeline->Illuminate\\Pipeline\\{closure}(Object(Illuminate\\Http\\Request))
#16 /Users/antoine/Documents/Coding/SustainablePrograming/Examination1/GroupWork/PHP/vendor/laravel/framework/src/Illuminate/Session/Middleware/StartSession.php(64): Illuminate\\Session\\Middleware\\StartSession->handleStatefulRequest(Object(Illuminate\\Http\\Request), Object(Illuminate\\Session\\Store), Object(Closure))
#17 /Users/antoine/Documents/Coding/SustainablePrograming/Examination1/GroupWork/PHP/vendor/laravel/framework/src/Illuminate/Pipeline/Pipeline.php(183): Illuminate\\Session\\Middleware\\StartSession->handle(Object(Illuminate\\Http\\Request), Object(Closure))
#18 /Users/antoine/Documents/Coding/SustainablePrograming/Examination1/GroupWork/PHP/vendor/laravel/framework/src/Illuminate/Cookie/Middleware/AddQueuedCookiesToResponse.php(37): Illuminate\\Pipeline\\Pipeline->Illuminate\\Pipeline\\{closure}(Object(Illuminate\\Http\\Request))
#19 /Users/antoine/Documents/Coding/SustainablePrograming/Examination1/GroupWork/PHP/vendor/laravel/framework/src/Illuminate/Pipeline/Pipeline.php(183): Illuminate\\Cookie\\Middleware\\AddQueuedCookiesToResponse->handle(Object(Illuminate\\Http\\Request), Object(Closure))
#20 /Users/antoine/Documents/Coding/SustainablePrograming/Examination1/GroupWork/PHP/vendor/laravel/framework/src/Illuminate/Cookie/Middleware/EncryptCookies.php(67): Illuminate\\Pipeline\\Pipeline->Illuminate\\Pipeline\\{closure}(Object(Illuminate\\Http\\Request))
#21 /Users/antoine/Documents/Coding/SustainablePrograming/Examination1/GroupWork/PHP/vendor/laravel/framework/src/Illuminate/Pipeline/Pipeline.php(183): Illuminate\\Cookie\\Middleware\\EncryptCookies->handle(Object(Illuminate\\Http\\Request), Object(Closure))
#22 /Users/antoine/Documents/Coding/SustainablePrograming/Examination1/GroupWork/PHP/vendor/laravel/framework/src/Illuminate/Pipeline/Pipeline.php(119): Illuminate\\Pipeline\\Pipeline->Illuminate\\Pipeline\\{closure}(Object(Illuminate\\Http\\Request))
#23 /Users/antoine/Documents/Coding/SustainablePrograming/Examination1/GroupWork/PHP/vendor/laravel/framework/src/Illuminate/Routing/Router.php(805): Illuminate\\Pipeline\\Pipeline->then(Object(Closure))
#24 /Users/antoine/Documents/Coding/SustainablePrograming/Examination1/GroupWork/PHP/vendor/laravel/framework/src/Illuminate/Routing/Router.php(784): Illuminate\\Routing\\Router->runRouteWithinStack(Object(Illuminate\\Routing\\Route), Object(Illuminate\\Http\\Request))
#25 /Users/antoine/Documents/Coding/SustainablePrograming/Examination1/GroupWork/PHP/vendor/laravel/framework/src/Illuminate/Routing/Router.php(748): Illuminate\\Routing\\Router->runRoute(Object(Illuminate\\Http\\Request), Object(Illuminate\\Routing\\Route))
#26 /Users/antoine/Documents/Coding/SustainablePrograming/Examination1/GroupWork/PHP/vendor/laravel/framework/src/Illuminate/Routing/Router.php(737): Illuminate\\Routing\\Router->dispatchToRoute(Object(Illuminate\\Http\\Request))
#27 /Users/antoine/Documents/Coding/SustainablePrograming/Examination1/GroupWork/PHP/vendor/laravel/framework/src/Illuminate/Foundation/Http/Kernel.php(200): Illuminate\\Routing\\Router->dispatch(Object(Illuminate\\Http\\Request))
#28 /Users/antoine/Documents/Coding/SustainablePrograming/Examination1/GroupWork/PHP/vendor/laravel/framework/src/Illuminate/Pipeline/Pipeline.php(144): Illuminate\\Foundation\\Http\\Kernel->Illuminate\\Foundation\\Http\\{closure}(Object(Illuminate\\Http\\Request))
#29 /Users/antoine/Documents/Coding/SustainablePrograming/Examination1/GroupWork/PHP/vendor/laravel/vapor-core/src/Http/Middleware/ServeStaticAssets.php(21): Illuminate\\Pipeline\\Pipeline->Illuminate\\Pipeline\\{closure}(Object(Illuminate\\Http\\Request))
#30 /Users/antoine/Documents/Coding/SustainablePrograming/Examination1/GroupWork/PHP/vendor/laravel/framework/src/Illuminate/Pipeline/Pipeline.php(183): Laravel\\Vapor\\Http\\Middleware\\ServeStaticAssets->handle(Object(Illuminate\\Http\\Request), Object(Closure))
#31 /Users/antoine/Documents/Coding/SustainablePrograming/Examination1/GroupWork/PHP/vendor/laravel/framework/src/Illuminate/Foundation/Http/Middleware/TransformsRequest.php(21): Illuminate\\Pipeline\\Pipeline->Illuminate\\Pipeline\\{closure}(Object(Illuminate\\Http\\Request))
#32 /Users/antoine/Documents/Coding/SustainablePrograming/Examination1/GroupWork/PHP/vendor/laravel/framework/src/Illuminate/Foundation/Http/Middleware/ConvertEmptyStringsToNull.php(31): Illuminate\\Foundation\\Http\\Middleware\\TransformsRequest->handle(Object(Illuminate\\Http\\Request), Object(Closure))
#33 /Users/antoine/Documents/Coding/SustainablePrograming/Examination1/GroupWork/PHP/vendor/laravel/framework/src/Illuminate/Pipeline/Pipeline.php(183): Illuminate\\Foundation\\Http\\Middleware\\ConvertEmptyStringsToNull->handle(Object(Illuminate\\Http\\Request), Object(Closure))
#34 /Users/antoine/Documents/Coding/SustainablePrograming/Examination1/GroupWork/PHP/vendor/laravel/framework/src/Illuminate/Foundation/Http/Middleware/TransformsRequest.php(21): Illuminate\\Pipeline\\Pipeline->Illuminate\\Pipeline\\{closure}(Object(Illuminate\\Http\\Request))
#35 /Users/antoine/Documents/Coding/SustainablePrograming/Examination1/GroupWork/PHP/vendor/laravel/framework/src/Illuminate/Foundation/Http/Middleware/TrimStrings.php(40): Illuminate\\Foundation\\Http\\Middleware\\TransformsRequest->handle(Object(Illuminate\\Http\\Request), Object(Closure))
#36 /Users/antoine/Documents/Coding/SustainablePrograming/Examination1/GroupWork/PHP/vendor/laravel/framework/src/Illuminate/Pipeline/Pipeline.php(183): Illuminate\\Foundation\\Http\\Middleware\\TrimStrings->handle(Object(Illuminate\\Http\\Request), Object(Closure))
#37 /Users/antoine/Documents/Coding/SustainablePrograming/Examination1/GroupWork/PHP/vendor/laravel/framework/src/Illuminate/Foundation/Http/Middleware/ValidatePostSize.php(27): Illuminate\\Pipeline\\Pipeline->Illuminate\\Pipeline\\{closure}(Object(Illuminate\\Http\\Request))
#38 /Users/antoine/Documents/Coding/SustainablePrograming/Examination1/GroupWork/PHP/vendor/laravel/framework/src/Illuminate/Pipeline/Pipeline.php(183): Illuminate\\Foundation\\Http\\Middleware\\ValidatePostSize->handle(Object(Illuminate\\Http\\Request), Object(Closure))
#39 /Users/antoine/Documents/Coding/SustainablePrograming/Examination1/GroupWork/PHP/vendor/laravel/framework/src/Illuminate/Foundation/Http/Middleware/PreventRequestsDuringMaintenance.php(99): Illuminate\\Pipeline\\Pipeline->Illuminate\\Pipeline\\{closure}(Object(Illuminate\\Http\\Request))
#40 /Users/antoine/Documents/Coding/SustainablePrograming/Examination1/GroupWork/PHP/vendor/laravel/framework/src/Illuminate/Pipeline/Pipeline.php(183): Illuminate\\Foundation\\Http\\Middleware\\PreventRequestsDuringMaintenance->handle(Object(Illuminate\\Http\\Request), Object(Closure))
#41 /Users/antoine/Documents/Coding/SustainablePrograming/Examination1/GroupWork/PHP/vendor/laravel/framework/src/Illuminate/Http/Middleware/HandleCors.php(49): Illuminate\\Pipeline\\Pipeline->Illuminate\\Pipeline\\{closure}(Object(Illuminate\\Http\\Request))
#42 /Users/antoine/Documents/Coding/SustainablePrograming/Examination1/GroupWork/PHP/vendor/laravel/framework/src/Illuminate/Pipeline/Pipeline.php(183): Illuminate\\Http\\Middleware\\HandleCors->handle(Object(Illuminate\\Http\\Request), Object(Closure))
#43 /Users/antoine/Documents/Coding/SustainablePrograming/Examination1/GroupWork/PHP/vendor/laravel/framework/src/Illuminate/Http/Middleware/TrustProxies.php(39): Illuminate\\Pipeline\\Pipeline->Illuminate\\Pipeline\\{closure}(Object(Illuminate\\Http\\Request))
#44 /Users/antoine/Documents/Coding/SustainablePrograming/Examination1/GroupWork/PHP/vendor/laravel/framework/src/Illuminate/Pipeline/Pipeline.php(183): Illuminate\\Http\\Middleware\\TrustProxies->handle(Object(Illuminate\\Http\\Request), Object(Closure))
#45 /Users/antoine/Documents/Coding/SustainablePrograming/Examination1/GroupWork/PHP/vendor/laravel/framework/src/Illuminate/Pipeline/Pipeline.php(119): Illuminate\\Pipeline\\Pipeline->Illuminate\\Pipeline\\{closure}(Object(Illuminate\\Http\\Request))
#46 /Users/antoine/Documents/Coding/SustainablePrograming/Examination1/GroupWork/PHP/vendor/laravel/framework/src/Illuminate/Foundation/Http/Kernel.php(175): Illuminate\\Pipeline\\Pipeline->then(Object(Closure))
#47 /Users/antoine/Documents/Coding/SustainablePrograming/Examination1/GroupWork/PHP/vendor/laravel/framework/src/Illuminate/Foundation/Http/Kernel.php(144): Illuminate\\Foundation\\Http\\Kernel->sendRequestThroughRouter(Object(Illuminate\\Http\\Request))
#48 /Users/antoine/Documents/Coding/SustainablePrograming/Examination1/GroupWork/PHP/public/index.php(51): Illuminate\\Foundation\\Http\\Kernel->handle(Object(Illuminate\\Http\\Request))
#49 /Users/antoine/Documents/Coding/SustainablePrograming/Examination1/GroupWork/PHP/vendor/laravel/framework/src/Illuminate/Foundation/resources/server.php(16): require_once('/Users/antoine/...')
#50 {main}

[previous exception] [object] (ReflectionException(code: -1): Class \"ServiceController\" does not exist at /Users/antoine/Documents/Coding/SustainablePrograming/Examination1/GroupWork/PHP/vendor/laravel/framework/src/Illuminate/Container/Container.php:912)
[stacktrace]
#0 /Users/antoine/Documents/Coding/SustainablePrograming/Examination1/GroupWork/PHP/vendor/laravel/framework/src/Illuminate/Container/Container.php(912): ReflectionClass->__construct('ServiceControll...')
#1 /Users/antoine/Documents/Coding/SustainablePrograming/Examination1/GroupWork/PHP/vendor/laravel/framework/src/Illuminate/Container/Container.php(795): Illuminate\\Container\\Container->build('ServiceControll...')
#2 /Users/antoine/Documents/Coding/SustainablePrograming/Examination1/GroupWork/PHP/vendor/laravel/framework/src/Illuminate/Foundation/Application.php(957): Illuminate\\Container\\Container->resolve('ServiceControll...', Array, true)
#3 /Users/antoine/Documents/Coding/SustainablePrograming/Examination1/GroupWork/PHP/vendor/laravel/framework/src/Illuminate/Container/Container.php(731): Illuminate\\Foundation\\Application->resolve('ServiceControll...', Array)
#4 /Users/antoine/Documents/Coding/SustainablePrograming/Examination1/GroupWork/PHP/vendor/laravel/framework/src/Illuminate/Foundation/Application.php(942): Illuminate\\Container\\Container->make('ServiceControll...', Array)
#5 /Users/antoine/Documents/Coding/SustainablePrograming/Examination1/GroupWork/PHP/vendor/laravel/framework/src/Illuminate/Routing/Route.php(278): Illuminate\\Foundation\\Application->make('ServiceControll...')
#6 /Users/antoine/Documents/Coding/SustainablePrograming/Examination1/GroupWork/PHP/vendor/laravel/framework/src/Illuminate/Routing/Route.php(260): Illuminate\\Routing\\Route->getController()
#7 /Users/antoine/Documents/Coding/SustainablePrograming/Examination1/GroupWork/PHP/vendor/laravel/framework/src/Illuminate/Routing/Route.php(205): Illuminate\\Routing\\Route->runController()
#8 /Users/antoine/Documents/Coding/SustainablePrograming/Examination1/GroupWork/PHP/vendor/laravel/framework/src/Illuminate/Routing/Router.php(806): Illuminate\\Routing\\Route->run()
#9 /Users/antoine/Documents/Coding/SustainablePrograming/Examination1/GroupWork/PHP/vendor/laravel/framework/src/Illuminate/Pipeline/Pipeline.php(144): Illuminate\\Routing\\Router->Illuminate\\Routing\\{closure}(Object(Illuminate\\Http\\Request))
#10 /Users/antoine/Documents/Coding/SustainablePrograming/Examination1/GroupWork/PHP/vendor/laravel/framework/src/Illuminate/Routing/Middleware/SubstituteBindings.php(50): Illuminate\\Pipeline\\Pipeline->Illuminate\\Pipeline\\{closure}(Object(Illuminate\\Http\\Request))
#11 /Users/antoine/Documents/Coding/SustainablePrograming/Examination1/GroupWork/PHP/vendor/laravel/framework/src/Illuminate/Pipeline/Pipeline.php(183): Illuminate\\Routing\\Middleware\\SubstituteBindings->handle(Object(Illuminate\\Http\\Request), Object(Closure))
#12 /Users/antoine/Documents/Coding/SustainablePrograming/Examination1/GroupWork/PHP/vendor/laravel/framework/src/Illuminate/Foundation/Http/Middleware/VerifyCsrfToken.php(78): Illuminate\\Pipeline\\Pipeline->Illuminate\\Pipeline\\{closure}(Object(Illuminate\\Http\\Request))
#13 /Users/antoine/Documents/Coding/SustainablePrograming/Examination1/GroupWork/PHP/vendor/laravel/framework/src/Illuminate/Pipeline/Pipeline.php(183): Illuminate\\Foundation\\Http\\Middleware\\VerifyCsrfToken->handle(Object(Illuminate\\Http\\Request), Object(Closure))
#14 /Users/antoine/Documents/Coding/SustainablePrograming/Examination1/GroupWork/PHP/vendor/laravel/framework/src/Illuminate/View/Middleware/ShareErrorsFromSession.php(49): Illuminate\\Pipeline\\Pipeline->Illuminate\\Pipeline\\{closure}(Object(Illuminate\\Http\\Request))
#15 /Users/antoine/Documents/Coding/SustainablePrograming/Examination1/GroupWork/PHP/vendor/laravel/framework/src/Illuminate/Pipeline/Pipeline.php(183): Illuminate\\View\\Middleware\\ShareErrorsFromSession->handle(Object(Illuminate\\Http\\Request), Object(Closure))
#16 /Users/antoine/Documents/Coding/SustainablePrograming/Examination1/GroupWork/PHP/vendor/laravel/framework/src/Illuminate/Session/Middleware/StartSession.php(121): Illuminate\\Pipeline\\Pipeline->Illuminate\\Pipeline\\{closure}(Object(Illuminate\\Http\\Request))
#17 /Users/antoine/Documents/Coding/SustainablePrograming/Examination1/GroupWork/PHP/vendor/laravel/framework/src/Illuminate/Session/Middleware/StartSession.php(64): Illuminate\\Session\\Middleware\\StartSession->handleStatefulRequest(Object(Illuminate\\Http\\Request), Object(Illuminate\\Session\\Store), Object(Closure))
#18 /Users/antoine/Documents/Coding/SustainablePrograming/Examination1/GroupWork/PHP/vendor/laravel/framework/src/Illuminate/Pipeline/Pipeline.php(183): Illuminate\\Session\\Middleware\\StartSession->handle(Object(Illuminate\\Http\\Request), Object(Closure))
#19 /Users/antoine/Documents/Coding/SustainablePrograming/Examination1/GroupWork/PHP/vendor/laravel/framework/src/Illuminate/Cookie/Middleware/AddQueuedCookiesToResponse.php(37): Illuminate\\Pipeline\\Pipeline->Illuminate\\Pipeline\\{closure}(Object(Illuminate\\Http\\Request))
#20 /Users/antoine/Documents/Coding/SustainablePrograming/Examination1/GroupWork/PHP/vendor/laravel/framework/src/Illuminate/Pipeline/Pipeline.php(183): Illuminate\\Cookie\\Middleware\\AddQueuedCookiesToResponse->handle(Object(Illuminate\\Http\\Request), Object(Closure))
#21 /Users/antoine/Documents/Coding/SustainablePrograming/Examination1/GroupWork/PHP/vendor/laravel/framework/src/Illuminate/Cookie/Middleware/EncryptCookies.php(67): Illuminate\\Pipeline\\Pipeline->Illuminate\\Pipeline\\{closure}(Object(Illuminate\\Http\\Request))
#22 /Users/antoine/Documents/Coding/SustainablePrograming/Examination1/GroupWork/PHP/vendor/laravel/framework/src/Illuminate/Pipeline/Pipeline.php(183): Illuminate\\Cookie\\Middleware\\EncryptCookies->handle(Object(Illuminate\\Http\\Request), Object(Closure))
#23 /Users/antoine/Documents/Coding/SustainablePrograming/Examination1/GroupWork/PHP/vendor/laravel/framework/src/Illuminate/Pipeline/Pipeline.php(119): Illuminate\\Pipeline\\Pipeline->Illuminate\\Pipeline\\{closure}(Object(Illuminate\\Http\\Request))
#24 /Users/antoine/Documents/Coding/SustainablePrograming/Examination1/GroupWork/PHP/vendor/laravel/framework/src/Illuminate/Routing/Router.php(805): Illuminate\\Pipeline\\Pipeline->then(Object(Closure))
#25 /Users/antoine/Documents/Coding/SustainablePrograming/Examination1/GroupWork/PHP/vendor/laravel/framework/src/Illuminate/Routing/Router.php(784): Illuminate\\Routing\\Router->runRouteWithinStack(Object(Illuminate\\Routing\\Route), Object(Illuminate\\Http\\Request))
#26 /Users/antoine/Documents/Coding/SustainablePrograming/Examination1/GroupWork/PHP/vendor/laravel/framework/src/Illuminate/Routing/Router.php(748): Illuminate\\Routing\\Router->runRoute(Object(Illuminate\\Http\\Request), Object(Illuminate\\Routing\\Route))
#27 /Users/antoine/Documents/Coding/SustainablePrograming/Examination1/GroupWork/PHP/vendor/laravel/framework/src/Illuminate/Routing/Router.php(737): Illuminate\\Routing\\Router->dispatchToRoute(Object(Illuminate\\Http\\Request))
#28 /Users/antoine/Documents/Coding/SustainablePrograming/Examination1/GroupWork/PHP/vendor/laravel/framework/src/Illuminate/Foundation/Http/Kernel.php(200): Illuminate\\Routing\\Router->dispatch(Object(Illuminate\\Http\\Request))
#29 /Users/antoine/Documents/Coding/SustainablePrograming/Examination1/GroupWork/PHP/vendor/laravel/framework/src/Illuminate/Pipeline/Pipeline.php(144): Illuminate\\Foundation\\Http\\Kernel->Illuminate\\Foundation\\Http\\{closure}(Object(Illuminate\\Http\\Request))
#30 /Users/antoine/Documents/Coding/SustainablePrograming/Examination1/GroupWork/PHP/vendor/laravel/vapor-core/src/Http/Middleware/ServeStaticAssets.php(21): Illuminate\\Pipeline\\Pipeline->Illuminate\\Pipeline\\{closure}(Object(Illuminate\\Http\\Request))
#31 /Users/antoine/Documents/Coding/SustainablePrograming/Examination1/GroupWork/PHP/vendor/laravel/framework/src/Illuminate/Pipeline/Pipeline.php(183): Laravel\\Vapor\\Http\\Middleware\\ServeStaticAssets->handle(Object(Illuminate\\Http\\Request), Object(Closure))
#32 /Users/antoine/Documents/Coding/SustainablePrograming/Examination1/GroupWork/PHP/vendor/laravel/framework/src/Illuminate/Foundation/Http/Middleware/TransformsRequest.php(21): Illuminate\\Pipeline\\Pipeline->Illuminate\\Pipeline\\{closure}(Object(Illuminate\\Http\\Request))
#33 /Users/antoine/Documents/Coding/SustainablePrograming/Examination1/GroupWork/PHP/vendor/laravel/framework/src/Illuminate/Foundation/Http/Middleware/ConvertEmptyStringsToNull.php(31): Illuminate\\Foundation\\Http\\Middleware\\TransformsRequest->handle(Object(Illuminate\\Http\\Request), Object(Closure))
#34 /Users/antoine/Documents/Coding/SustainablePrograming/Examination1/GroupWork/PHP/vendor/laravel/framework/src/Illuminate/Pipeline/Pipeline.php(183): Illuminate\\Foundation\\Http\\Middleware\\ConvertEmptyStringsToNull->handle(Object(Illuminate\\Http\\Request), Object(Closure))
#35 /Users/antoine/Documents/Coding/SustainablePrograming/Examination1/GroupWork/PHP/vendor/laravel/framework/src/Illuminate/Foundation/Http/Middleware/TransformsRequest.php(21): Illuminate\\Pipeline\\Pipeline->Illuminate\\Pipeline\\{closure}(Object(Illuminate\\Http\\Request))
#36 /Users/antoine/Documents/Coding/SustainablePrograming/Examination1/GroupWork/PHP/vendor/laravel/framework/src/Illuminate/Foundation/Http/Middleware/TrimStrings.php(40): Illuminate\\Foundation\\Http\\Middleware\\TransformsRequest->handle(Object(Illuminate\\Http\\Request), Object(Closure))
#37 /Users/antoine/Documents/Coding/SustainablePrograming/Examination1/GroupWork/PHP/vendor/laravel/framework/src/Illuminate/Pipeline/Pipeline.php(183): Illuminate\\Foundation\\Http\\Middleware\\TrimStrings->handle(Object(Illuminate\\Http\\Request), Object(Closure))
#38 /Users/antoine/Documents/Coding/SustainablePrograming/Examination1/GroupWork/PHP/vendor/laravel/framework/src/Illuminate/Foundation/Http/Middleware/ValidatePostSize.php(27): Illuminate\\Pipeline\\Pipeline->Illuminate\\Pipeline\\{closure}(Object(Illuminate\\Http\\Request))
#39 /Users/antoine/Documents/Coding/SustainablePrograming/Examination1/GroupWork/PHP/vendor/laravel/framework/src/Illuminate/Pipeline/Pipeline.php(183): Illuminate\\Foundation\\Http\\Middleware\\ValidatePostSize->handle(Object(Illuminate\\Http\\Request), Object(Closure))
#40 /Users/antoine/Documents/Coding/SustainablePrograming/Examination1/GroupWork/PHP/vendor/laravel/framework/src/Illuminate/Foundation/Http/Middleware/PreventRequestsDuringMaintenance.php(99): Illuminate\\Pipeline\\Pipeline->Illuminate\\Pipeline\\{closure}(Object(Illuminate\\Http\\Request))
#41 /Users/antoine/Documents/Coding/SustainablePrograming/Examination1/GroupWork/PHP/vendor/laravel/framework/src/Illuminate/Pipeline/Pipeline.php(183): Illuminate\\Foundation\\Http\\Middleware\\PreventRequestsDuringMaintenance->handle(Object(Illuminate\\Http\\Request), Object(Closure))
#42 /Users/antoine/Documents/Coding/SustainablePrograming/Examination1/GroupWork/PHP/vendor/laravel/framework/src/Illuminate/Http/Middleware/HandleCors.php(49): Illuminate\\Pipeline\\Pipeline->Illuminate\\Pipeline\\{closure}(Object(Illuminate\\Http\\Request))
#43 /Users/antoine/Documents/Coding/SustainablePrograming/Examination1/GroupWork/PHP/vendor/laravel/framework/src/Illuminate/Pipeline/Pipeline.php(183): Illuminate\\Http\\Middleware\\HandleCors->handle(Object(Illuminate\\Http\\Request), Object(Closure))
#44 /Users/antoine/Documents/Coding/SustainablePrograming/Examination1/GroupWork/PHP/vendor/laravel/framework/src/Illuminate/Http/Middleware/TrustProxies.php(39): Illuminate\\Pipeline\\Pipeline->Illuminate\\Pipeline\\{closure}(Object(Illuminate\\Http\\Request))
#45 /Users/antoine/Documents/Coding/SustainablePrograming/Examination1/GroupWork/PHP/vendor/laravel/framework/src/Illuminate/Pipeline/Pipeline.php(183): Illuminate\\Http\\Middleware\\TrustProxies->handle(Object(Illuminate\\Http\\Request), Object(Closure))
#46 /Users/antoine/Documents/Coding/SustainablePrograming/Examination1/GroupWork/PHP/vendor/laravel/framework/src/Illuminate/Pipeline/Pipeline.php(119): Illuminate\\Pipeline\\Pipeline->Illuminate\\Pipeline\\{closure}(Object(Illuminate\\Http\\Request))
#47 /Users/antoine/Documents/Coding/SustainablePrograming/Examination1/GroupWork/PHP/vendor/laravel/framework/src/Illuminate/Foundation/Http/Kernel.php(175): Illuminate\\Pipeline\\Pipeline->then(Object(Closure))
#48 /Users/antoine/Documents/Coding/SustainablePrograming/Examination1/GroupWork/PHP/vendor/laravel/framework/src/Illuminate/Foundation/Http/Kernel.php(144): Illuminate\\Foundation\\Http\\Kernel->sendRequestThroughRouter(Object(Illuminate\\Http\\Request))
#49 /Users/antoine/Documents/Coding/SustainablePrograming/Examination1/GroupWork/PHP/public/index.php(51): Illuminate\\Foundation\\Http\\Kernel->handle(Object(Illuminate\\Http\\Request))
#50 /Users/antoine/Documents/Coding/SustainablePrograming/Examination1/GroupWork/PHP/vendor/laravel/framework/src/Illuminate/Foundation/resources/server.php(16): require_once('/Users/antoine/...')
#51 {main}
"} 
[2024-02-04 17:28:14] local.ERROR: Undefined variable $services {"view":{"view":"/Users/antoine/Documents/Coding/SustainablePrograming/Examination1/GroupWork/PHP/resources/views/services.blade.php","data":{"errors":"<pre class=sf-dump id=sf-dump-87604628 data-indent-pad=\"  \"><span class=sf-dump-note>Illuminate\\Support\\ViewErrorBag</span> {<a class=sf-dump-ref>#288</a><samp data-depth=1 class=sf-dump-expanded>
  #<span class=sf-dump-protected title=\"Protected property\">bags</span>: []
</samp>}
</pre><script>Sfdump(\"sf-dump-87604628\", {\"maxDepth\":3,\"maxStringLength\":160})</script>
"}},"exception":"[object] (Spatie\\LaravelIgnition\\Exceptions\\ViewException(code: 0): Undefined variable $services at /Users/antoine/Documents/Coding/SustainablePrograming/Examination1/GroupWork/PHP/resources/views/services.blade.php:164)
[stacktrace]
#0 /Users/antoine/Documents/Coding/SustainablePrograming/Examination1/GroupWork/PHP/vendor/laravel/framework/src/Illuminate/Foundation/Bootstrap/HandleExceptions.php(255): Illuminate\\Foundation\\Bootstrap\\HandleExceptions->handleError(2, 'Undefined varia...', '/Users/antoine/...', 164)
#1 /Users/antoine/Documents/Coding/SustainablePrograming/Examination1/GroupWork/PHP/resources/views/services.blade.php(164): Illuminate\\Foundation\\Bootstrap\\HandleExceptions->Illuminate\\Foundation\\Bootstrap\\{closure}(2, 'Undefined varia...', '/Users/antoine/...', 164)
#2 /Users/antoine/Documents/Coding/SustainablePrograming/Examination1/GroupWork/PHP/vendor/laravel/framework/src/Illuminate/Filesystem/Filesystem.php(124): require('/Users/antoine/...')
#3 /Users/antoine/Documents/Coding/SustainablePrograming/Examination1/GroupWork/PHP/vendor/laravel/framework/src/Illuminate/Filesystem/Filesystem.php(125): Illuminate\\Filesystem\\Filesystem::Illuminate\\Filesystem\\{closure}()
#4 /Users/antoine/Documents/Coding/SustainablePrograming/Examination1/GroupWork/PHP/vendor/laravel/framework/src/Illuminate/View/Engines/PhpEngine.php(58): Illuminate\\Filesystem\\Filesystem->getRequire('/Users/antoine/...', Array)
#5 /Users/antoine/Documents/Coding/SustainablePrograming/Examination1/GroupWork/PHP/vendor/laravel/framework/src/Illuminate/View/Engines/CompilerEngine.php(72): Illuminate\\View\\Engines\\PhpEngine->evaluatePath('/Users/antoine/...', Array)
#6 /Users/antoine/Documents/Coding/SustainablePrograming/Examination1/GroupWork/PHP/vendor/laravel/framework/src/Illuminate/View/View.php(207): Illuminate\\View\\Engines\\CompilerEngine->get('/Users/antoine/...', Array)
#7 /Users/antoine/Documents/Coding/SustainablePrograming/Examination1/GroupWork/PHP/vendor/laravel/framework/src/Illuminate/View/View.php(190): Illuminate\\View\\View->getContents()
#8 /Users/antoine/Documents/Coding/SustainablePrograming/Examination1/GroupWork/PHP/vendor/laravel/framework/src/Illuminate/View/View.php(159): Illuminate\\View\\View->renderContents()
#9 /Users/antoine/Documents/Coding/SustainablePrograming/Examination1/GroupWork/PHP/vendor/laravel/framework/src/Illuminate/Http/Response.php(69): Illuminate\\View\\View->render()
#10 /Users/antoine/Documents/Coding/SustainablePrograming/Examination1/GroupWork/PHP/vendor/laravel/framework/src/Illuminate/Http/Response.php(35): Illuminate\\Http\\Response->setContent(Object(Illuminate\\View\\View))
#11 /Users/antoine/Documents/Coding/SustainablePrograming/Examination1/GroupWork/PHP/vendor/laravel/framework/src/Illuminate/Routing/Router.php(918): Illuminate\\Http\\Response->__construct(Object(Illuminate\\View\\View), 200, Array)
#12 /Users/antoine/Documents/Coding/SustainablePrograming/Examination1/GroupWork/PHP/vendor/laravel/framework/src/Illuminate/Routing/Router.php(885): Illuminate\\Routing\\Router::toResponse(Object(Illuminate\\Http\\Request), Object(Illuminate\\View\\View))
#13 /Users/antoine/Documents/Coding/SustainablePrograming/Examination1/GroupWork/PHP/vendor/laravel/framework/src/Illuminate/Routing/Router.php(805): Illuminate\\Routing\\Router->prepareResponse(Object(Illuminate\\Http\\Request), Object(Illuminate\\View\\View))
#14 /Users/antoine/Documents/Coding/SustainablePrograming/Examination1/GroupWork/PHP/vendor/laravel/framework/src/Illuminate/Pipeline/Pipeline.php(144): Illuminate\\Routing\\Router->Illuminate\\Routing\\{closure}(Object(Illuminate\\Http\\Request))
#15 /Users/antoine/Documents/Coding/SustainablePrograming/Examination1/GroupWork/PHP/vendor/laravel/framework/src/Illuminate/Routing/Middleware/SubstituteBindings.php(50): Illuminate\\Pipeline\\Pipeline->Illuminate\\Pipeline\\{closure}(Object(Illuminate\\Http\\Request))
#16 /Users/antoine/Documents/Coding/SustainablePrograming/Examination1/GroupWork/PHP/vendor/laravel/framework/src/Illuminate/Pipeline/Pipeline.php(183): Illuminate\\Routing\\Middleware\\SubstituteBindings->handle(Object(Illuminate\\Http\\Request), Object(Closure))
#17 /Users/antoine/Documents/Coding/SustainablePrograming/Examination1/GroupWork/PHP/vendor/laravel/framework/src/Illuminate/Foundation/Http/Middleware/VerifyCsrfToken.php(78): Illuminate\\Pipeline\\Pipeline->Illuminate\\Pipeline\\{closure}(Object(Illuminate\\Http\\Request))
#18 /Users/antoine/Documents/Coding/SustainablePrograming/Examination1/GroupWork/PHP/vendor/laravel/framework/src/Illuminate/Pipeline/Pipeline.php(183): Illuminate\\Foundation\\Http\\Middleware\\VerifyCsrfToken->handle(Object(Illuminate\\Http\\Request), Object(Closure))
#19 /Users/antoine/Documents/Coding/SustainablePrograming/Examination1/GroupWork/PHP/vendor/laravel/framework/src/Illuminate/View/Middleware/ShareErrorsFromSession.php(49): Illuminate\\Pipeline\\Pipeline->Illuminate\\Pipeline\\{closure}(Object(Illuminate\\Http\\Request))
#20 /Users/antoine/Documents/Coding/SustainablePrograming/Examination1/GroupWork/PHP/vendor/laravel/framework/src/Illuminate/Pipeline/Pipeline.php(183): Illuminate\\View\\Middleware\\ShareErrorsFromSession->handle(Object(Illuminate\\Http\\Request), Object(Closure))
#21 /Users/antoine/Documents/Coding/SustainablePrograming/Examination1/GroupWork/PHP/vendor/laravel/framework/src/Illuminate/Session/Middleware/StartSession.php(121): Illuminate\\Pipeline\\Pipeline->Illuminate\\Pipeline\\{closure}(Object(Illuminate\\Http\\Request))
#22 /Users/antoine/Documents/Coding/SustainablePrograming/Examination1/GroupWork/PHP/vendor/laravel/framework/src/Illuminate/Session/Middleware/StartSession.php(64): Illuminate\\Session\\Middleware\\StartSession->handleStatefulRequest(Object(Illuminate\\Http\\Request), Object(Illuminate\\Session\\Store), Object(Closure))
#23 /Users/antoine/Documents/Coding/SustainablePrograming/Examination1/GroupWork/PHP/vendor/laravel/framework/src/Illuminate/Pipeline/Pipeline.php(183): Illuminate\\Session\\Middleware\\StartSession->handle(Object(Illuminate\\Http\\Request), Object(Closure))
#24 /Users/antoine/Documents/Coding/SustainablePrograming/Examination1/GroupWork/PHP/vendor/laravel/framework/src/Illuminate/Cookie/Middleware/AddQueuedCookiesToResponse.php(37): Illuminate\\Pipeline\\Pipeline->Illuminate\\Pipeline\\{closure}(Object(Illuminate\\Http\\Request))
#25 /Users/antoine/Documents/Coding/SustainablePrograming/Examination1/GroupWork/PHP/vendor/laravel/framework/src/Illuminate/Pipeline/Pipeline.php(183): Illuminate\\Cookie\\Middleware\\AddQueuedCookiesToResponse->handle(Object(Illuminate\\Http\\Request), Object(Closure))
#26 /Users/antoine/Documents/Coding/SustainablePrograming/Examination1/GroupWork/PHP/vendor/laravel/framework/src/Illuminate/Cookie/Middleware/EncryptCookies.php(67): Illuminate\\Pipeline\\Pipeline->Illuminate\\Pipeline\\{closure}(Object(Illuminate\\Http\\Request))
#27 /Users/antoine/Documents/Coding/SustainablePrograming/Examination1/GroupWork/PHP/vendor/laravel/framework/src/Illuminate/Pipeline/Pipeline.php(183): Illuminate\\Cookie\\Middleware\\EncryptCookies->handle(Object(Illuminate\\Http\\Request), Object(Closure))
#28 /Users/antoine/Documents/Coding/SustainablePrograming/Examination1/GroupWork/PHP/vendor/laravel/framework/src/Illuminate/Pipeline/Pipeline.php(119): Illuminate\\Pipeline\\Pipeline->Illuminate\\Pipeline\\{closure}(Object(Illuminate\\Http\\Request))
#29 /Users/antoine/Documents/Coding/SustainablePrograming/Examination1/GroupWork/PHP/vendor/laravel/framework/src/Illuminate/Routing/Router.php(805): Illuminate\\Pipeline\\Pipeline->then(Object(Closure))
#30 /Users/antoine/Documents/Coding/SustainablePrograming/Examination1/GroupWork/PHP/vendor/laravel/framework/src/Illuminate/Routing/Router.php(784): Illuminate\\Routing\\Router->runRouteWithinStack(Object(Illuminate\\Routing\\Route), Object(Illuminate\\Http\\Request))
#31 /Users/antoine/Documents/Coding/SustainablePrograming/Examination1/GroupWork/PHP/vendor/laravel/framework/src/Illuminate/Routing/Router.php(748): Illuminate\\Routing\\Router->runRoute(Object(Illuminate\\Http\\Request), Object(Illuminate\\Routing\\Route))
#32 /Users/antoine/Documents/Coding/SustainablePrograming/Examination1/GroupWork/PHP/vendor/laravel/framework/src/Illuminate/Routing/Router.php(737): Illuminate\\Routing\\Router->dispatchToRoute(Object(Illuminate\\Http\\Request))
#33 /Users/antoine/Documents/Coding/SustainablePrograming/Examination1/GroupWork/PHP/vendor/laravel/framework/src/Illuminate/Foundation/Http/Kernel.php(200): Illuminate\\Routing\\Router->dispatch(Object(Illuminate\\Http\\Request))
#34 /Users/antoine/Documents/Coding/SustainablePrograming/Examination1/GroupWork/PHP/vendor/laravel/framework/src/Illuminate/Pipeline/Pipeline.php(144): Illuminate\\Foundation\\Http\\Kernel->Illuminate\\Foundation\\Http\\{closure}(Object(Illuminate\\Http\\Request))
#35 /Users/antoine/Documents/Coding/SustainablePrograming/Examination1/GroupWork/PHP/vendor/laravel/vapor-core/src/Http/Middleware/ServeStaticAssets.php(21): Illuminate\\Pipeline\\Pipeline->Illuminate\\Pipeline\\{closure}(Object(Illuminate\\Http\\Request))
#36 /Users/antoine/Documents/Coding/SustainablePrograming/Examination1/GroupWork/PHP/vendor/laravel/framework/src/Illuminate/Pipeline/Pipeline.php(183): Laravel\\Vapor\\Http\\Middleware\\ServeStaticAssets->handle(Object(Illuminate\\Http\\Request), Object(Closure))
#37 /Users/antoine/Documents/Coding/SustainablePrograming/Examination1/GroupWork/PHP/vendor/laravel/framework/src/Illuminate/Foundation/Http/Middleware/TransformsRequest.php(21): Illuminate\\Pipeline\\Pipeline->Illuminate\\Pipeline\\{closure}(Object(Illuminate\\Http\\Request))
#38 /Users/antoine/Documents/Coding/SustainablePrograming/Examination1/GroupWork/PHP/vendor/laravel/framework/src/Illuminate/Foundation/Http/Middleware/ConvertEmptyStringsToNull.php(31): Illuminate\\Foundation\\Http\\Middleware\\TransformsRequest->handle(Object(Illuminate\\Http\\Request), Object(Closure))
#39 /Users/antoine/Documents/Coding/SustainablePrograming/Examination1/GroupWork/PHP/vendor/laravel/framework/src/Illuminate/Pipeline/Pipeline.php(183): Illuminate\\Foundation\\Http\\Middleware\\ConvertEmptyStringsToNull->handle(Object(Illuminate\\Http\\Request), Object(Closure))
#40 /Users/antoine/Documents/Coding/SustainablePrograming/Examination1/GroupWork/PHP/vendor/laravel/framework/src/Illuminate/Foundation/Http/Middleware/TransformsRequest.php(21): Illuminate\\Pipeline\\Pipeline->Illuminate\\Pipeline\\{closure}(Object(Illuminate\\Http\\Request))
#41 /Users/antoine/Documents/Coding/SustainablePrograming/Examination1/GroupWork/PHP/vendor/laravel/framework/src/Illuminate/Foundation/Http/Middleware/TrimStrings.php(40): Illuminate\\Foundation\\Http\\Middleware\\TransformsRequest->handle(Object(Illuminate\\Http\\Request), Object(Closure))
#42 /Users/antoine/Documents/Coding/SustainablePrograming/Examination1/GroupWork/PHP/vendor/laravel/framework/src/Illuminate/Pipeline/Pipeline.php(183): Illuminate\\Foundation\\Http\\Middleware\\TrimStrings->handle(Object(Illuminate\\Http\\Request), Object(Closure))
#43 /Users/antoine/Documents/Coding/SustainablePrograming/Examination1/GroupWork/PHP/vendor/laravel/framework/src/Illuminate/Foundation/Http/Middleware/ValidatePostSize.php(27): Illuminate\\Pipeline\\Pipeline->Illuminate\\Pipeline\\{closure}(Object(Illuminate\\Http\\Request))
#44 /Users/antoine/Documents/Coding/SustainablePrograming/Examination1/GroupWork/PHP/vendor/laravel/framework/src/Illuminate/Pipeline/Pipeline.php(183): Illuminate\\Foundation\\Http\\Middleware\\ValidatePostSize->handle(Object(Illuminate\\Http\\Request), Object(Closure))
#45 /Users/antoine/Documents/Coding/SustainablePrograming/Examination1/GroupWork/PHP/vendor/laravel/framework/src/Illuminate/Foundation/Http/Middleware/PreventRequestsDuringMaintenance.php(99): Illuminate\\Pipeline\\Pipeline->Illuminate\\Pipeline\\{closure}(Object(Illuminate\\Http\\Request))
#46 /Users/antoine/Documents/Coding/SustainablePrograming/Examination1/GroupWork/PHP/vendor/laravel/framework/src/Illuminate/Pipeline/Pipeline.php(183): Illuminate\\Foundation\\Http\\Middleware\\PreventRequestsDuringMaintenance->handle(Object(Illuminate\\Http\\Request), Object(Closure))
#47 /Users/antoine/Documents/Coding/SustainablePrograming/Examination1/GroupWork/PHP/vendor/laravel/framework/src/Illuminate/Http/Middleware/HandleCors.php(49): Illuminate\\Pipeline\\Pipeline->Illuminate\\Pipeline\\{closure}(Object(Illuminate\\Http\\Request))
#48 /Users/antoine/Documents/Coding/SustainablePrograming/Examination1/GroupWork/PHP/vendor/laravel/framework/src/Illuminate/Pipeline/Pipeline.php(183): Illuminate\\Http\\Middleware\\HandleCors->handle(Object(Illuminate\\Http\\Request), Object(Closure))
#49 /Users/antoine/Documents/Coding/SustainablePrograming/Examination1/GroupWork/PHP/vendor/laravel/framework/src/Illuminate/Http/Middleware/TrustProxies.php(39): Illuminate\\Pipeline\\Pipeline->Illuminate\\Pipeline\\{closure}(Object(Illuminate\\Http\\Request))
#50 /Users/antoine/Documents/Coding/SustainablePrograming/Examination1/GroupWork/PHP/vendor/laravel/framework/src/Illuminate/Pipeline/Pipeline.php(183): Illuminate\\Http\\Middleware\\TrustProxies->handle(Object(Illuminate\\Http\\Request), Object(Closure))
#51 /Users/antoine/Documents/Coding/SustainablePrograming/Examination1/GroupWork/PHP/vendor/laravel/framework/src/Illuminate/Pipeline/Pipeline.php(119): Illuminate\\Pipeline\\Pipeline->Illuminate\\Pipeline\\{closure}(Object(Illuminate\\Http\\Request))
#52 /Users/antoine/Documents/Coding/SustainablePrograming/Examination1/GroupWork/PHP/vendor/laravel/framework/src/Illuminate/Foundation/Http/Kernel.php(175): Illuminate\\Pipeline\\Pipeline->then(Object(Closure))
#53 /Users/antoine/Documents/Coding/SustainablePrograming/Examination1/GroupWork/PHP/vendor/laravel/framework/src/Illuminate/Foundation/Http/Kernel.php(144): Illuminate\\Foundation\\Http\\Kernel->sendRequestThroughRouter(Object(Illuminate\\Http\\Request))
#54 /Users/antoine/Documents/Coding/SustainablePrograming/Examination1/GroupWork/PHP/public/index.php(51): Illuminate\\Foundation\\Http\\Kernel->handle(Object(Illuminate\\Http\\Request))
#55 /Users/antoine/Documents/Coding/SustainablePrograming/Examination1/GroupWork/PHP/vendor/laravel/framework/src/Illuminate/Foundation/resources/server.php(16): require_once('/Users/antoine/...')
#56 {main}

[previous exception] [object] (ErrorException(code: 0): Undefined variable $services at /Users/antoine/Documents/Coding/SustainablePrograming/Examination1/GroupWork/PHP/storage/framework/views/1f81630a04b40d0aebdd7732af099ed9.php:164)
[stacktrace]
#0 /Users/antoine/Documents/Coding/SustainablePrograming/Examination1/GroupWork/PHP/vendor/laravel/framework/src/Illuminate/Foundation/Bootstrap/HandleExceptions.php(255): Illuminate\\Foundation\\Bootstrap\\HandleExceptions->handleError(2, 'Undefined varia...', '/Users/antoine/...', 164)
#1 /Users/antoine/Documents/Coding/SustainablePrograming/Examination1/GroupWork/PHP/storage/framework/views/1f81630a04b40d0aebdd7732af099ed9.php(164): Illuminate\\Foundation\\Bootstrap\\HandleExceptions->Illuminate\\Foundation\\Bootstrap\\{closure}(2, 'Undefined varia...', '/Users/antoine/...', 164)
#2 /Users/antoine/Documents/Coding/SustainablePrograming/Examination1/GroupWork/PHP/vendor/laravel/framework/src/Illuminate/Filesystem/Filesystem.php(124): require('/Users/antoine/...')
#3 /Users/antoine/Documents/Coding/SustainablePrograming/Examination1/GroupWork/PHP/vendor/laravel/framework/src/Illuminate/Filesystem/Filesystem.php(125): Illuminate\\Filesystem\\Filesystem::Illuminate\\Filesystem\\{closure}()
#4 /Users/antoine/Documents/Coding/SustainablePrograming/Examination1/GroupWork/PHP/vendor/laravel/framework/src/Illuminate/View/Engines/PhpEngine.php(58): Illuminate\\Filesystem\\Filesystem->getRequire('/Users/antoine/...', Array)
#5 /Users/antoine/Documents/Coding/SustainablePrograming/Examination1/GroupWork/PHP/vendor/laravel/framework/src/Illuminate/View/Engines/CompilerEngine.php(72): Illuminate\\View\\Engines\\PhpEngine->evaluatePath('/Users/antoine/...', Array)
#6 /Users/antoine/Documents/Coding/SustainablePrograming/Examination1/GroupWork/PHP/vendor/laravel/framework/src/Illuminate/View/View.php(207): Illuminate\\View\\Engines\\CompilerEngine->get('/Users/antoine/...', Array)
#7 /Users/antoine/Documents/Coding/SustainablePrograming/Examination1/GroupWork/PHP/vendor/laravel/framework/src/Illuminate/View/View.php(190): Illuminate\\View\\View->getContents()
#8 /Users/antoine/Documents/Coding/SustainablePrograming/Examination1/GroupWork/PHP/vendor/laravel/framework/src/Illuminate/View/View.php(159): Illuminate\\View\\View->renderContents()
#9 /Users/antoine/Documents/Coding/SustainablePrograming/Examination1/GroupWork/PHP/vendor/laravel/framework/src/Illuminate/Http/Response.php(69): Illuminate\\View\\View->render()
#10 /Users/antoine/Documents/Coding/SustainablePrograming/Examination1/GroupWork/PHP/vendor/laravel/framework/src/Illuminate/Http/Response.php(35): Illuminate\\Http\\Response->setContent(Object(Illuminate\\View\\View))
#11 /Users/antoine/Documents/Coding/SustainablePrograming/Examination1/GroupWork/PHP/vendor/laravel/framework/src/Illuminate/Routing/Router.php(918): Illuminate\\Http\\Response->__construct(Object(Illuminate\\View\\View), 200, Array)
#12 /Users/antoine/Documents/Coding/SustainablePrograming/Examination1/GroupWork/PHP/vendor/laravel/framework/src/Illuminate/Routing/Router.php(885): Illuminate\\Routing\\Router::toResponse(Object(Illuminate\\Http\\Request), Object(Illuminate\\View\\View))
#13 /Users/antoine/Documents/Coding/SustainablePrograming/Examination1/GroupWork/PHP/vendor/laravel/framework/src/Illuminate/Routing/Router.php(805): Illuminate\\Routing\\Router->prepareResponse(Object(Illuminate\\Http\\Request), Object(Illuminate\\View\\View))
#14 /Users/antoine/Documents/Coding/SustainablePrograming/Examination1/GroupWork/PHP/vendor/laravel/framework/src/Illuminate/Pipeline/Pipeline.php(144): Illuminate\\Routing\\Router->Illuminate\\Routing\\{closure}(Object(Illuminate\\Http\\Request))
#15 /Users/antoine/Documents/Coding/SustainablePrograming/Examination1/GroupWork/PHP/vendor/laravel/framework/src/Illuminate/Routing/Middleware/SubstituteBindings.php(50): Illuminate\\Pipeline\\Pipeline->Illuminate\\Pipeline\\{closure}(Object(Illuminate\\Http\\Request))
#16 /Users/antoine/Documents/Coding/SustainablePrograming/Examination1/GroupWork/PHP/vendor/laravel/framework/src/Illuminate/Pipeline/Pipeline.php(183): Illuminate\\Routing\\Middleware\\SubstituteBindings->handle(Object(Illuminate\\Http\\Request), Object(Closure))
#17 /Users/antoine/Documents/Coding/SustainablePrograming/Examination1/GroupWork/PHP/vendor/laravel/framework/src/Illuminate/Foundation/Http/Middleware/VerifyCsrfToken.php(78): Illuminate\\Pipeline\\Pipeline->Illuminate\\Pipeline\\{closure}(Object(Illuminate\\Http\\Request))
#18 /Users/antoine/Documents/Coding/SustainablePrograming/Examination1/GroupWork/PHP/vendor/laravel/framework/src/Illuminate/Pipeline/Pipeline.php(183): Illuminate\\Foundation\\Http\\Middleware\\VerifyCsrfToken->handle(Object(Illuminate\\Http\\Request), Object(Closure))
#19 /Users/antoine/Documents/Coding/SustainablePrograming/Examination1/GroupWork/PHP/vendor/laravel/framework/src/Illuminate/View/Middleware/ShareErrorsFromSession.php(49): Illuminate\\Pipeline\\Pipeline->Illuminate\\Pipeline\\{closure}(Object(Illuminate\\Http\\Request))
#20 /Users/antoine/Documents/Coding/SustainablePrograming/Examination1/GroupWork/PHP/vendor/laravel/framework/src/Illuminate/Pipeline/Pipeline.php(183): Illuminate\\View\\Middleware\\ShareErrorsFromSession->handle(Object(Illuminate\\Http\\Request), Object(Closure))
#21 /Users/antoine/Documents/Coding/SustainablePrograming/Examination1/GroupWork/PHP/vendor/laravel/framework/src/Illuminate/Session/Middleware/StartSession.php(121): Illuminate\\Pipeline\\Pipeline->Illuminate\\Pipeline\\{closure}(Object(Illuminate\\Http\\Request))
#22 /Users/antoine/Documents/Coding/SustainablePrograming/Examination1/GroupWork/PHP/vendor/laravel/framework/src/Illuminate/Session/Middleware/StartSession.php(64): Illuminate\\Session\\Middleware\\StartSession->handleStatefulRequest(Object(Illuminate\\Http\\Request), Object(Illuminate\\Session\\Store), Object(Closure))
#23 /Users/antoine/Documents/Coding/SustainablePrograming/Examination1/GroupWork/PHP/vendor/laravel/framework/src/Illuminate/Pipeline/Pipeline.php(183): Illuminate\\Session\\Middleware\\StartSession->handle(Object(Illuminate\\Http\\Request), Object(Closure))
#24 /Users/antoine/Documents/Coding/SustainablePrograming/Examination1/GroupWork/PHP/vendor/laravel/framework/src/Illuminate/Cookie/Middleware/AddQueuedCookiesToResponse.php(37): Illuminate\\Pipeline\\Pipeline->Illuminate\\Pipeline\\{closure}(Object(Illuminate\\Http\\Request))
#25 /Users/antoine/Documents/Coding/SustainablePrograming/Examination1/GroupWork/PHP/vendor/laravel/framework/src/Illuminate/Pipeline/Pipeline.php(183): Illuminate\\Cookie\\Middleware\\AddQueuedCookiesToResponse->handle(Object(Illuminate\\Http\\Request), Object(Closure))
#26 /Users/antoine/Documents/Coding/SustainablePrograming/Examination1/GroupWork/PHP/vendor/laravel/framework/src/Illuminate/Cookie/Middleware/EncryptCookies.php(67): Illuminate\\Pipeline\\Pipeline->Illuminate\\Pipeline\\{closure}(Object(Illuminate\\Http\\Request))
#27 /Users/antoine/Documents/Coding/SustainablePrograming/Examination1/GroupWork/PHP/vendor/laravel/framework/src/Illuminate/Pipeline/Pipeline.php(183): Illuminate\\Cookie\\Middleware\\EncryptCookies->handle(Object(Illuminate\\Http\\Request), Object(Closure))
#28 /Users/antoine/Documents/Coding/SustainablePrograming/Examination1/GroupWork/PHP/vendor/laravel/framework/src/Illuminate/Pipeline/Pipeline.php(119): Illuminate\\Pipeline\\Pipeline->Illuminate\\Pipeline\\{closure}(Object(Illuminate\\Http\\Request))
#29 /Users/antoine/Documents/Coding/SustainablePrograming/Examination1/GroupWork/PHP/vendor/laravel/framework/src/Illuminate/Routing/Router.php(805): Illuminate\\Pipeline\\Pipeline->then(Object(Closure))
#30 /Users/antoine/Documents/Coding/SustainablePrograming/Examination1/GroupWork/PHP/vendor/laravel/framework/src/Illuminate/Routing/Router.php(784): Illuminate\\Routing\\Router->runRouteWithinStack(Object(Illuminate\\Routing\\Route), Object(Illuminate\\Http\\Request))
#31 /Users/antoine/Documents/Coding/SustainablePrograming/Examination1/GroupWork/PHP/vendor/laravel/framework/src/Illuminate/Routing/Router.php(748): Illuminate\\Routing\\Router->runRoute(Object(Illuminate\\Http\\Request), Object(Illuminate\\Routing\\Route))
#32 /Users/antoine/Documents/Coding/SustainablePrograming/Examination1/GroupWork/PHP/vendor/laravel/framework/src/Illuminate/Routing/Router.php(737): Illuminate\\Routing\\Router->dispatchToRoute(Object(Illuminate\\Http\\Request))
#33 /Users/antoine/Documents/Coding/SustainablePrograming/Examination1/GroupWork/PHP/vendor/laravel/framework/src/Illuminate/Foundation/Http/Kernel.php(200): Illuminate\\Routing\\Router->dispatch(Object(Illuminate\\Http\\Request))
#34 /Users/antoine/Documents/Coding/SustainablePrograming/Examination1/GroupWork/PHP/vendor/laravel/framework/src/Illuminate/Pipeline/Pipeline.php(144): Illuminate\\Foundation\\Http\\Kernel->Illuminate\\Foundation\\Http\\{closure}(Object(Illuminate\\Http\\Request))
#35 /Users/antoine/Documents/Coding/SustainablePrograming/Examination1/GroupWork/PHP/vendor/laravel/vapor-core/src/Http/Middleware/ServeStaticAssets.php(21): Illuminate\\Pipeline\\Pipeline->Illuminate\\Pipeline\\{closure}(Object(Illuminate\\Http\\Request))
#36 /Users/antoine/Documents/Coding/SustainablePrograming/Examination1/GroupWork/PHP/vendor/laravel/framework/src/Illuminate/Pipeline/Pipeline.php(183): Laravel\\Vapor\\Http\\Middleware\\ServeStaticAssets->handle(Object(Illuminate\\Http\\Request), Object(Closure))
#37 /Users/antoine/Documents/Coding/SustainablePrograming/Examination1/GroupWork/PHP/vendor/laravel/framework/src/Illuminate/Foundation/Http/Middleware/TransformsRequest.php(21): Illuminate\\Pipeline\\Pipeline->Illuminate\\Pipeline\\{closure}(Object(Illuminate\\Http\\Request))
#38 /Users/antoine/Documents/Coding/SustainablePrograming/Examination1/GroupWork/PHP/vendor/laravel/framework/src/Illuminate/Foundation/Http/Middleware/ConvertEmptyStringsToNull.php(31): Illuminate\\Foundation\\Http\\Middleware\\TransformsRequest->handle(Object(Illuminate\\Http\\Request), Object(Closure))
#39 /Users/antoine/Documents/Coding/SustainablePrograming/Examination1/GroupWork/PHP/vendor/laravel/framework/src/Illuminate/Pipeline/Pipeline.php(183): Illuminate\\Foundation\\Http\\Middleware\\ConvertEmptyStringsToNull->handle(Object(Illuminate\\Http\\Request), Object(Closure))
#40 /Users/antoine/Documents/Coding/SustainablePrograming/Examination1/GroupWork/PHP/vendor/laravel/framework/src/Illuminate/Foundation/Http/Middleware/TransformsRequest.php(21): Illuminate\\Pipeline\\Pipeline->Illuminate\\Pipeline\\{closure}(Object(Illuminate\\Http\\Request))
#41 /Users/antoine/Documents/Coding/SustainablePrograming/Examination1/GroupWork/PHP/vendor/laravel/framework/src/Illuminate/Foundation/Http/Middleware/TrimStrings.php(40): Illuminate\\Foundation\\Http\\Middleware\\TransformsRequest->handle(Object(Illuminate\\Http\\Request), Object(Closure))
#42 /Users/antoine/Documents/Coding/SustainablePrograming/Examination1/GroupWork/PHP/vendor/laravel/framework/src/Illuminate/Pipeline/Pipeline.php(183): Illuminate\\Foundation\\Http\\Middleware\\TrimStrings->handle(Object(Illuminate\\Http\\Request), Object(Closure))
#43 /Users/antoine/Documents/Coding/SustainablePrograming/Examination1/GroupWork/PHP/vendor/laravel/framework/src/Illuminate/Foundation/Http/Middleware/ValidatePostSize.php(27): Illuminate\\Pipeline\\Pipeline->Illuminate\\Pipeline\\{closure}(Object(Illuminate\\Http\\Request))
#44 /Users/antoine/Documents/Coding/SustainablePrograming/Examination1/GroupWork/PHP/vendor/laravel/framework/src/Illuminate/Pipeline/Pipeline.php(183): Illuminate\\Foundation\\Http\\Middleware\\ValidatePostSize->handle(Object(Illuminate\\Http\\Request), Object(Closure))
#45 /Users/antoine/Documents/Coding/SustainablePrograming/Examination1/GroupWork/PHP/vendor/laravel/framework/src/Illuminate/Foundation/Http/Middleware/PreventRequestsDuringMaintenance.php(99): Illuminate\\Pipeline\\Pipeline->Illuminate\\Pipeline\\{closure}(Object(Illuminate\\Http\\Request))
#46 /Users/antoine/Documents/Coding/SustainablePrograming/Examination1/GroupWork/PHP/vendor/laravel/framework/src/Illuminate/Pipeline/Pipeline.php(183): Illuminate\\Foundation\\Http\\Middleware\\PreventRequestsDuringMaintenance->handle(Object(Illuminate\\Http\\Request), Object(Closure))
#47 /Users/antoine/Documents/Coding/SustainablePrograming/Examination1/GroupWork/PHP/vendor/laravel/framework/src/Illuminate/Http/Middleware/HandleCors.php(49): Illuminate\\Pipeline\\Pipeline->Illuminate\\Pipeline\\{closure}(Object(Illuminate\\Http\\Request))
#48 /Users/antoine/Documents/Coding/SustainablePrograming/Examination1/GroupWork/PHP/vendor/laravel/framework/src/Illuminate/Pipeline/Pipeline.php(183): Illuminate\\Http\\Middleware\\HandleCors->handle(Object(Illuminate\\Http\\Request), Object(Closure))
#49 /Users/antoine/Documents/Coding/SustainablePrograming/Examination1/GroupWork/PHP/vendor/laravel/framework/src/Illuminate/Http/Middleware/TrustProxies.php(39): Illuminate\\Pipeline\\Pipeline->Illuminate\\Pipeline\\{closure}(Object(Illuminate\\Http\\Request))
#50 /Users/antoine/Documents/Coding/SustainablePrograming/Examination1/GroupWork/PHP/vendor/laravel/framework/src/Illuminate/Pipeline/Pipeline.php(183): Illuminate\\Http\\Middleware\\TrustProxies->handle(Object(Illuminate\\Http\\Request), Object(Closure))
#51 /Users/antoine/Documents/Coding/SustainablePrograming/Examination1/GroupWork/PHP/vendor/laravel/framework/src/Illuminate/Pipeline/Pipeline.php(119): Illuminate\\Pipeline\\Pipeline->Illuminate\\Pipeline\\{closure}(Object(Illuminate\\Http\\Request))
#52 /Users/antoine/Documents/Coding/SustainablePrograming/Examination1/GroupWork/PHP/vendor/laravel/framework/src/Illuminate/Foundation/Http/Kernel.php(175): Illuminate\\Pipeline\\Pipeline->then(Object(Closure))
#53 /Users/antoine/Documents/Coding/SustainablePrograming/Examination1/GroupWork/PHP/vendor/laravel/framework/src/Illuminate/Foundation/Http/Kernel.php(144): Illuminate\\Foundation\\Http\\Kernel->sendRequestThroughRouter(Object(Illuminate\\Http\\Request))
#54 /Users/antoine/Documents/Coding/SustainablePrograming/Examination1/GroupWork/PHP/public/index.php(51): Illuminate\\Foundation\\Http\\Kernel->handle(Object(Illuminate\\Http\\Request))
#55 /Users/antoine/Documents/Coding/SustainablePrograming/Examination1/GroupWork/PHP/vendor/laravel/framework/src/Illuminate/Foundation/resources/server.php(16): require_once('/Users/antoine/...')
#56 {main}
"} 
